<?xml version="1.0" encoding="UTF-8"?>
<testsuite xmlns:xsi="http://www.w3.org/2001/XMLSchema-instance" xsi:noNamespaceSchemaLocation="https://maven.apache.org/surefire/maven-surefire-plugin/xsd/surefire-test-report.xsd" name="site.nomoreparties.stellarburgers.YandexTests.ConstructorYandexTest" time="0.463" tests="6" errors="3" skipped="0" failures="3">
  <properties>
    <property name="java.specification.version" value="17"/>
    <property name="sun.cpu.isalist" value="amd64"/>
    <property name="sun.jnu.encoding" value="Cp1251"/>
    <property name="java.class.path" value="C:\Users\dabre\Diplom_3-WEB-Tests\target\test-classes;C:\Users\dabre\Diplom_3-WEB-Tests\target\classes;C:\Users\dabre\.m2\repository\io\rest-assured\rest-assured\4.4.0\rest-assured-4.4.0.jar;C:\Users\dabre\.m2\repository\org\codehaus\groovy\groovy\3.0.8\groovy-3.0.8.jar;C:\Users\dabre\.m2\repository\org\codehaus\groovy\groovy-xml\3.0.8\groovy-xml-3.0.8.jar;C:\Users\dabre\.m2\repository\org\apache\httpcomponents\httpclient\4.5.13\httpclient-4.5.13.jar;C:\Users\dabre\.m2\repository\org\apache\httpcomponents\httpcore\4.4.13\httpcore-4.4.13.jar;C:\Users\dabre\.m2\repository\commons-logging\commons-logging\1.2\commons-logging-1.2.jar;C:\Users\dabre\.m2\repository\commons-codec\commons-codec\1.11\commons-codec-1.11.jar;C:\Users\dabre\.m2\repository\org\apache\httpcomponents\httpmime\4.5.13\httpmime-4.5.13.jar;C:\Users\dabre\.m2\repository\org\hamcrest\hamcrest\2.1\hamcrest-2.1.jar;C:\Users\dabre\.m2\repository\org\ccil\cowan\tagsoup\tagsoup\1.2.1\tagsoup-1.2.1.jar;C:\Users\dabre\.m2\repository\io\rest-assured\json-path\4.4.0\json-path-4.4.0.jar;C:\Users\dabre\.m2\repository\org\codehaus\groovy\groovy-json\3.0.8\groovy-json-3.0.8.jar;C:\Users\dabre\.m2\repository\io\rest-assured\rest-assured-common\4.4.0\rest-assured-common-4.4.0.jar;C:\Users\dabre\.m2\repository\io\rest-assured\xml-path\4.4.0\xml-path-4.4.0.jar;C:\Users\dabre\.m2\repository\jakarta\xml\bind\jakarta.xml.bind-api\2.3.3\jakarta.xml.bind-api-2.3.3.jar;C:\Users\dabre\.m2\repository\jakarta\activation\jakarta.activation-api\1.2.2\jakarta.activation-api-1.2.2.jar;C:\Users\dabre\.m2\repository\com\sun\xml\bind\jaxb-impl\2.3.3\jaxb-impl-2.3.3.jar;C:\Users\dabre\.m2\repository\com\google\code\gson\gson\2.10.1\gson-2.10.1.jar;C:\Users\dabre\.m2\repository\junit\junit\4.13.2\junit-4.13.2.jar;C:\Users\dabre\.m2\repository\org\hamcrest\hamcrest-core\1.3\hamcrest-core-1.3.jar;C:\Users\dabre\.m2\repository\org\seleniumhq\selenium\selenium-java\4.20.0\selenium-java-4.20.0.jar;C:\Users\dabre\.m2\repository\org\seleniumhq\selenium\selenium-api\4.20.0\selenium-api-4.20.0.jar;C:\Users\dabre\.m2\repository\org\seleniumhq\selenium\selenium-chrome-driver\4.20.0\selenium-chrome-driver-4.20.0.jar;C:\Users\dabre\.m2\repository\com\google\auto\service\auto-service-annotations\1.1.1\auto-service-annotations-1.1.1.jar;C:\Users\dabre\.m2\repository\org\seleniumhq\selenium\selenium-chromium-driver\4.20.0\selenium-chromium-driver-4.20.0.jar;C:\Users\dabre\.m2\repository\org\seleniumhq\selenium\selenium-json\4.20.0\selenium-json-4.20.0.jar;C:\Users\dabre\.m2\repository\org\seleniumhq\selenium\selenium-manager\4.20.0\selenium-manager-4.20.0.jar;C:\Users\dabre\.m2\repository\org\seleniumhq\selenium\selenium-devtools-v122\4.20.0\selenium-devtools-v122-4.20.0.jar;C:\Users\dabre\.m2\repository\org\seleniumhq\selenium\selenium-devtools-v123\4.20.0\selenium-devtools-v123-4.20.0.jar;C:\Users\dabre\.m2\repository\org\seleniumhq\selenium\selenium-devtools-v124\4.20.0\selenium-devtools-v124-4.20.0.jar;C:\Users\dabre\.m2\repository\org\seleniumhq\selenium\selenium-devtools-v85\4.20.0\selenium-devtools-v85-4.20.0.jar;C:\Users\dabre\.m2\repository\org\seleniumhq\selenium\selenium-edge-driver\4.20.0\selenium-edge-driver-4.20.0.jar;C:\Users\dabre\.m2\repository\org\seleniumhq\selenium\selenium-firefox-driver\4.20.0\selenium-firefox-driver-4.20.0.jar;C:\Users\dabre\.m2\repository\org\seleniumhq\selenium\selenium-http\4.20.0\selenium-http-4.20.0.jar;C:\Users\dabre\.m2\repository\dev\failsafe\failsafe\3.3.2\failsafe-3.3.2.jar;C:\Users\dabre\.m2\repository\org\seleniumhq\selenium\selenium-ie-driver\4.20.0\selenium-ie-driver-4.20.0.jar;C:\Users\dabre\.m2\repository\org\seleniumhq\selenium\selenium-remote-driver\4.20.0\selenium-remote-driver-4.20.0.jar;C:\Users\dabre\.m2\repository\io\opentelemetry\semconv\opentelemetry-semconv\1.25.0-alpha\opentelemetry-semconv-1.25.0-alpha.jar;C:\Users\dabre\.m2\repository\io\opentelemetry\opentelemetry-api\1.37.0\opentelemetry-api-1.37.0.jar;C:\Users\dabre\.m2\repository\io\opentelemetry\opentelemetry-context\1.37.0\opentelemetry-context-1.37.0.jar;C:\Users\dabre\.m2\repository\io\opentelemetry\opentelemetry-exporter-logging\1.37.0\opentelemetry-exporter-logging-1.37.0.jar;C:\Users\dabre\.m2\repository\io\opentelemetry\opentelemetry-sdk-common\1.37.0\opentelemetry-sdk-common-1.37.0.jar;C:\Users\dabre\.m2\repository\io\opentelemetry\opentelemetry-sdk-extension-autoconfigure-spi\1.37.0\opentelemetry-sdk-extension-autoconfigure-spi-1.37.0.jar;C:\Users\dabre\.m2\repository\io\opentelemetry\opentelemetry-sdk-extension-autoconfigure\1.37.0\opentelemetry-sdk-extension-autoconfigure-1.37.0.jar;C:\Users\dabre\.m2\repository\io\opentelemetry\opentelemetry-api-incubator\1.37.0-alpha\opentelemetry-api-incubator-1.37.0-alpha.jar;C:\Users\dabre\.m2\repository\io\opentelemetry\opentelemetry-sdk-trace\1.37.0\opentelemetry-sdk-trace-1.37.0.jar;C:\Users\dabre\.m2\repository\io\opentelemetry\opentelemetry-sdk\1.37.0\opentelemetry-sdk-1.37.0.jar;C:\Users\dabre\.m2\repository\io\opentelemetry\opentelemetry-sdk-metrics\1.37.0\opentelemetry-sdk-metrics-1.37.0.jar;C:\Users\dabre\.m2\repository\io\opentelemetry\opentelemetry-sdk-logs\1.37.0\opentelemetry-sdk-logs-1.37.0.jar;C:\Users\dabre\.m2\repository\net\bytebuddy\byte-buddy\1.14.14\byte-buddy-1.14.14.jar;C:\Users\dabre\.m2\repository\org\seleniumhq\selenium\selenium-os\4.20.0\selenium-os-4.20.0.jar;C:\Users\dabre\.m2\repository\org\apache\commons\commons-exec\1.4.0\commons-exec-1.4.0.jar;C:\Users\dabre\.m2\repository\org\seleniumhq\selenium\selenium-safari-driver\4.20.0\selenium-safari-driver-4.20.0.jar;C:\Users\dabre\.m2\repository\org\seleniumhq\selenium\selenium-support\4.20.0\selenium-support-4.20.0.jar;C:\Users\dabre\.m2\repository\io\github\bonigarcia\webdrivermanager\5.7.0\webdrivermanager-5.7.0.jar;C:\Users\dabre\.m2\repository\org\slf4j\slf4j-api\2.0.12\slf4j-api-2.0.12.jar;C:\Users\dabre\.m2\repository\com\github\docker-java\docker-java\3.3.5\docker-java-3.3.5.jar;C:\Users\dabre\.m2\repository\com\github\docker-java\docker-java-core\3.3.5\docker-java-core-3.3.5.jar;C:\Users\dabre\.m2\repository\com\github\docker-java\docker-java-api\3.3.5\docker-java-api-3.3.5.jar;C:\Users\dabre\.m2\repository\com\fasterxml\jackson\core\jackson-annotations\2.10.3\jackson-annotations-2.10.3.jar;C:\Users\dabre\.m2\repository\com\fasterxml\jackson\core\jackson-databind\2.10.3\jackson-databind-2.10.3.jar;C:\Users\dabre\.m2\repository\com\fasterxml\jackson\core\jackson-core\2.10.3\jackson-core-2.10.3.jar;C:\Users\dabre\.m2\repository\org\bouncycastle\bcpkix-jdk18on\1.76\bcpkix-jdk18on-1.76.jar;C:\Users\dabre\.m2\repository\org\bouncycastle\bcprov-jdk18on\1.76\bcprov-jdk18on-1.76.jar;C:\Users\dabre\.m2\repository\org\bouncycastle\bcutil-jdk18on\1.76\bcutil-jdk18on-1.76.jar;C:\Users\dabre\.m2\repository\org\slf4j\jcl-over-slf4j\1.7.30\jcl-over-slf4j-1.7.30.jar;C:\Users\dabre\.m2\repository\com\github\docker-java\docker-java-transport-httpclient5\3.3.5\docker-java-transport-httpclient5-3.3.5.jar;C:\Users\dabre\.m2\repository\com\github\docker-java\docker-java-transport\3.3.5\docker-java-transport-3.3.5.jar;C:\Users\dabre\.m2\repository\net\java\dev\jna\jna\5.13.0\jna-5.13.0.jar;C:\Users\dabre\.m2\repository\org\brotli\dec\0.1.2\dec-0.1.2.jar;C:\Users\dabre\.m2\repository\org\apache\commons\commons-lang3\3.14.0\commons-lang3-3.14.0.jar;C:\Users\dabre\.m2\repository\org\apache\commons\commons-compress\1.26.0\commons-compress-1.26.0.jar;C:\Users\dabre\.m2\repository\org\apache\httpcomponents\client5\httpclient5\5.2.1\httpclient5-5.2.1.jar;C:\Users\dabre\.m2\repository\org\apache\httpcomponents\core5\httpcore5\5.2\httpcore5-5.2.jar;C:\Users\dabre\.m2\repository\org\apache\httpcomponents\core5\httpcore5-h2\5.2\httpcore5-h2-5.2.jar;C:\Users\dabre\.m2\repository\com\codeborne\selenide\7.3.1\selenide-7.3.1.jar;C:\Users\dabre\.m2\repository\com\codeborne\selenide-core\7.3.1\selenide-core-7.3.1.jar;C:\Users\dabre\.m2\repository\org\opentest4j\opentest4j\1.3.0\opentest4j-1.3.0.jar;C:\Users\dabre\.m2\repository\io\qameta\allure\allure-java-commons\2.27.0\allure-java-commons-2.27.0.jar;C:\Users\dabre\.m2\repository\io\qameta\allure\allure-model\2.27.0\allure-model-2.27.0.jar;C:\Users\dabre\.m2\repository\io\qameta\allure\allure-junit4\2.27.0\allure-junit4-2.27.0.jar;C:\Users\dabre\.m2\repository\io\qameta\allure\allure-test-filter\2.27.0\allure-test-filter-2.27.0.jar;C:\Users\dabre\.m2\repository\commons-io\commons-io\2.7\commons-io-2.7.jar;C:\Users\dabre\.m2\repository\com\google\guava\guava\32.0.0-android\guava-32.0.0-android.jar;C:\Users\dabre\.m2\repository\com\google\guava\failureaccess\1.0.1\failureaccess-1.0.1.jar;C:\Users\dabre\.m2\repository\com\google\guava\listenablefuture\9999.0-empty-to-avoid-conflict-with-guava\listenablefuture-9999.0-empty-to-avoid-conflict-with-guava.jar;C:\Users\dabre\.m2\repository\com\google\code\findbugs\jsr305\3.0.2\jsr305-3.0.2.jar;C:\Users\dabre\.m2\repository\org\checkerframework\checker-qual\3.33.0\checker-qual-3.33.0.jar;C:\Users\dabre\.m2\repository\com\google\errorprone\error_prone_annotations\2.18.0\error_prone_annotations-2.18.0.jar;C:\Users\dabre\.m2\repository\com\google\j2objc\j2objc-annotations\2.8\j2objc-annotations-2.8.jar;C:\Users\dabre\.m2\repository\ch\qos\logback\logback-classic\1.4.12\logback-classic-1.4.12.jar;C:\Users\dabre\.m2\repository\ch\qos\logback\logback-core\1.4.14\logback-core-1.4.14.jar;"/>
    <property name="java.vm.vendor" value="BellSoft"/>
    <property name="sun.arch.data.model" value="64"/>
    <property name="user.variant" value=""/>
    <property name="java.vendor.url" value="https://bell-sw.com/"/>
    <property name="user.timezone" value="Europe/Moscow"/>
    <property name="os.name" value="Windows 10"/>
    <property name="java.vm.specification.version" value="17"/>
    <property name="sun.java.launcher" value="SUN_STANDARD"/>
    <property name="user.country" value="RU"/>
    <property name="sun.boot.library.path" value="C:\Program Files\BellSoft\LibericaJDK-17\bin"/>
    <property name="sun.java.command" value="C:\Users\dabre\AppData\Local\Temp\surefire11635080284755757756\surefirebooter12647529090230110478.jar C:\Users\dabre\AppData\Local\Temp\surefire11635080284755757756 2024-05-22T12-47-33_424-jvmRun1 surefire9634769190466194770tmp surefire_010391160479771283410tmp"/>
    <property name="jdk.debug" value="release"/>
    <property name="surefire.test.class.path" value="C:\Users\dabre\Diplom_3-WEB-Tests\target\test-classes;C:\Users\dabre\Diplom_3-WEB-Tests\target\classes;C:\Users\dabre\.m2\repository\io\rest-assured\rest-assured\4.4.0\rest-assured-4.4.0.jar;C:\Users\dabre\.m2\repository\org\codehaus\groovy\groovy\3.0.8\groovy-3.0.8.jar;C:\Users\dabre\.m2\repository\org\codehaus\groovy\groovy-xml\3.0.8\groovy-xml-3.0.8.jar;C:\Users\dabre\.m2\repository\org\apache\httpcomponents\httpclient\4.5.13\httpclient-4.5.13.jar;C:\Users\dabre\.m2\repository\org\apache\httpcomponents\httpcore\4.4.13\httpcore-4.4.13.jar;C:\Users\dabre\.m2\repository\commons-logging\commons-logging\1.2\commons-logging-1.2.jar;C:\Users\dabre\.m2\repository\commons-codec\commons-codec\1.11\commons-codec-1.11.jar;C:\Users\dabre\.m2\repository\org\apache\httpcomponents\httpmime\4.5.13\httpmime-4.5.13.jar;C:\Users\dabre\.m2\repository\org\hamcrest\hamcrest\2.1\hamcrest-2.1.jar;C:\Users\dabre\.m2\repository\org\ccil\cowan\tagsoup\tagsoup\1.2.1\tagsoup-1.2.1.jar;C:\Users\dabre\.m2\repository\io\rest-assured\json-path\4.4.0\json-path-4.4.0.jar;C:\Users\dabre\.m2\repository\org\codehaus\groovy\groovy-json\3.0.8\groovy-json-3.0.8.jar;C:\Users\dabre\.m2\repository\io\rest-assured\rest-assured-common\4.4.0\rest-assured-common-4.4.0.jar;C:\Users\dabre\.m2\repository\io\rest-assured\xml-path\4.4.0\xml-path-4.4.0.jar;C:\Users\dabre\.m2\repository\jakarta\xml\bind\jakarta.xml.bind-api\2.3.3\jakarta.xml.bind-api-2.3.3.jar;C:\Users\dabre\.m2\repository\jakarta\activation\jakarta.activation-api\1.2.2\jakarta.activation-api-1.2.2.jar;C:\Users\dabre\.m2\repository\com\sun\xml\bind\jaxb-impl\2.3.3\jaxb-impl-2.3.3.jar;C:\Users\dabre\.m2\repository\com\google\code\gson\gson\2.10.1\gson-2.10.1.jar;C:\Users\dabre\.m2\repository\junit\junit\4.13.2\junit-4.13.2.jar;C:\Users\dabre\.m2\repository\org\hamcrest\hamcrest-core\1.3\hamcrest-core-1.3.jar;C:\Users\dabre\.m2\repository\org\seleniumhq\selenium\selenium-java\4.20.0\selenium-java-4.20.0.jar;C:\Users\dabre\.m2\repository\org\seleniumhq\selenium\selenium-api\4.20.0\selenium-api-4.20.0.jar;C:\Users\dabre\.m2\repository\org\seleniumhq\selenium\selenium-chrome-driver\4.20.0\selenium-chrome-driver-4.20.0.jar;C:\Users\dabre\.m2\repository\com\google\auto\service\auto-service-annotations\1.1.1\auto-service-annotations-1.1.1.jar;C:\Users\dabre\.m2\repository\org\seleniumhq\selenium\selenium-chromium-driver\4.20.0\selenium-chromium-driver-4.20.0.jar;C:\Users\dabre\.m2\repository\org\seleniumhq\selenium\selenium-json\4.20.0\selenium-json-4.20.0.jar;C:\Users\dabre\.m2\repository\org\seleniumhq\selenium\selenium-manager\4.20.0\selenium-manager-4.20.0.jar;C:\Users\dabre\.m2\repository\org\seleniumhq\selenium\selenium-devtools-v122\4.20.0\selenium-devtools-v122-4.20.0.jar;C:\Users\dabre\.m2\repository\org\seleniumhq\selenium\selenium-devtools-v123\4.20.0\selenium-devtools-v123-4.20.0.jar;C:\Users\dabre\.m2\repository\org\seleniumhq\selenium\selenium-devtools-v124\4.20.0\selenium-devtools-v124-4.20.0.jar;C:\Users\dabre\.m2\repository\org\seleniumhq\selenium\selenium-devtools-v85\4.20.0\selenium-devtools-v85-4.20.0.jar;C:\Users\dabre\.m2\repository\org\seleniumhq\selenium\selenium-edge-driver\4.20.0\selenium-edge-driver-4.20.0.jar;C:\Users\dabre\.m2\repository\org\seleniumhq\selenium\selenium-firefox-driver\4.20.0\selenium-firefox-driver-4.20.0.jar;C:\Users\dabre\.m2\repository\org\seleniumhq\selenium\selenium-http\4.20.0\selenium-http-4.20.0.jar;C:\Users\dabre\.m2\repository\dev\failsafe\failsafe\3.3.2\failsafe-3.3.2.jar;C:\Users\dabre\.m2\repository\org\seleniumhq\selenium\selenium-ie-driver\4.20.0\selenium-ie-driver-4.20.0.jar;C:\Users\dabre\.m2\repository\org\seleniumhq\selenium\selenium-remote-driver\4.20.0\selenium-remote-driver-4.20.0.jar;C:\Users\dabre\.m2\repository\io\opentelemetry\semconv\opentelemetry-semconv\1.25.0-alpha\opentelemetry-semconv-1.25.0-alpha.jar;C:\Users\dabre\.m2\repository\io\opentelemetry\opentelemetry-api\1.37.0\opentelemetry-api-1.37.0.jar;C:\Users\dabre\.m2\repository\io\opentelemetry\opentelemetry-context\1.37.0\opentelemetry-context-1.37.0.jar;C:\Users\dabre\.m2\repository\io\opentelemetry\opentelemetry-exporter-logging\1.37.0\opentelemetry-exporter-logging-1.37.0.jar;C:\Users\dabre\.m2\repository\io\opentelemetry\opentelemetry-sdk-common\1.37.0\opentelemetry-sdk-common-1.37.0.jar;C:\Users\dabre\.m2\repository\io\opentelemetry\opentelemetry-sdk-extension-autoconfigure-spi\1.37.0\opentelemetry-sdk-extension-autoconfigure-spi-1.37.0.jar;C:\Users\dabre\.m2\repository\io\opentelemetry\opentelemetry-sdk-extension-autoconfigure\1.37.0\opentelemetry-sdk-extension-autoconfigure-1.37.0.jar;C:\Users\dabre\.m2\repository\io\opentelemetry\opentelemetry-api-incubator\1.37.0-alpha\opentelemetry-api-incubator-1.37.0-alpha.jar;C:\Users\dabre\.m2\repository\io\opentelemetry\opentelemetry-sdk-trace\1.37.0\opentelemetry-sdk-trace-1.37.0.jar;C:\Users\dabre\.m2\repository\io\opentelemetry\opentelemetry-sdk\1.37.0\opentelemetry-sdk-1.37.0.jar;C:\Users\dabre\.m2\repository\io\opentelemetry\opentelemetry-sdk-metrics\1.37.0\opentelemetry-sdk-metrics-1.37.0.jar;C:\Users\dabre\.m2\repository\io\opentelemetry\opentelemetry-sdk-logs\1.37.0\opentelemetry-sdk-logs-1.37.0.jar;C:\Users\dabre\.m2\repository\net\bytebuddy\byte-buddy\1.14.14\byte-buddy-1.14.14.jar;C:\Users\dabre\.m2\repository\org\seleniumhq\selenium\selenium-os\4.20.0\selenium-os-4.20.0.jar;C:\Users\dabre\.m2\repository\org\apache\commons\commons-exec\1.4.0\commons-exec-1.4.0.jar;C:\Users\dabre\.m2\repository\org\seleniumhq\selenium\selenium-safari-driver\4.20.0\selenium-safari-driver-4.20.0.jar;C:\Users\dabre\.m2\repository\org\seleniumhq\selenium\selenium-support\4.20.0\selenium-support-4.20.0.jar;C:\Users\dabre\.m2\repository\io\github\bonigarcia\webdrivermanager\5.7.0\webdrivermanager-5.7.0.jar;C:\Users\dabre\.m2\repository\org\slf4j\slf4j-api\2.0.12\slf4j-api-2.0.12.jar;C:\Users\dabre\.m2\repository\com\github\docker-java\docker-java\3.3.5\docker-java-3.3.5.jar;C:\Users\dabre\.m2\repository\com\github\docker-java\docker-java-core\3.3.5\docker-java-core-3.3.5.jar;C:\Users\dabre\.m2\repository\com\github\docker-java\docker-java-api\3.3.5\docker-java-api-3.3.5.jar;C:\Users\dabre\.m2\repository\com\fasterxml\jackson\core\jackson-annotations\2.10.3\jackson-annotations-2.10.3.jar;C:\Users\dabre\.m2\repository\com\fasterxml\jackson\core\jackson-databind\2.10.3\jackson-databind-2.10.3.jar;C:\Users\dabre\.m2\repository\com\fasterxml\jackson\core\jackson-core\2.10.3\jackson-core-2.10.3.jar;C:\Users\dabre\.m2\repository\org\bouncycastle\bcpkix-jdk18on\1.76\bcpkix-jdk18on-1.76.jar;C:\Users\dabre\.m2\repository\org\bouncycastle\bcprov-jdk18on\1.76\bcprov-jdk18on-1.76.jar;C:\Users\dabre\.m2\repository\org\bouncycastle\bcutil-jdk18on\1.76\bcutil-jdk18on-1.76.jar;C:\Users\dabre\.m2\repository\org\slf4j\jcl-over-slf4j\1.7.30\jcl-over-slf4j-1.7.30.jar;C:\Users\dabre\.m2\repository\com\github\docker-java\docker-java-transport-httpclient5\3.3.5\docker-java-transport-httpclient5-3.3.5.jar;C:\Users\dabre\.m2\repository\com\github\docker-java\docker-java-transport\3.3.5\docker-java-transport-3.3.5.jar;C:\Users\dabre\.m2\repository\net\java\dev\jna\jna\5.13.0\jna-5.13.0.jar;C:\Users\dabre\.m2\repository\org\brotli\dec\0.1.2\dec-0.1.2.jar;C:\Users\dabre\.m2\repository\org\apache\commons\commons-lang3\3.14.0\commons-lang3-3.14.0.jar;C:\Users\dabre\.m2\repository\org\apache\commons\commons-compress\1.26.0\commons-compress-1.26.0.jar;C:\Users\dabre\.m2\repository\org\apache\httpcomponents\client5\httpclient5\5.2.1\httpclient5-5.2.1.jar;C:\Users\dabre\.m2\repository\org\apache\httpcomponents\core5\httpcore5\5.2\httpcore5-5.2.jar;C:\Users\dabre\.m2\repository\org\apache\httpcomponents\core5\httpcore5-h2\5.2\httpcore5-h2-5.2.jar;C:\Users\dabre\.m2\repository\com\codeborne\selenide\7.3.1\selenide-7.3.1.jar;C:\Users\dabre\.m2\repository\com\codeborne\selenide-core\7.3.1\selenide-core-7.3.1.jar;C:\Users\dabre\.m2\repository\org\opentest4j\opentest4j\1.3.0\opentest4j-1.3.0.jar;C:\Users\dabre\.m2\repository\io\qameta\allure\allure-java-commons\2.27.0\allure-java-commons-2.27.0.jar;C:\Users\dabre\.m2\repository\io\qameta\allure\allure-model\2.27.0\allure-model-2.27.0.jar;C:\Users\dabre\.m2\repository\io\qameta\allure\allure-junit4\2.27.0\allure-junit4-2.27.0.jar;C:\Users\dabre\.m2\repository\io\qameta\allure\allure-test-filter\2.27.0\allure-test-filter-2.27.0.jar;C:\Users\dabre\.m2\repository\commons-io\commons-io\2.7\commons-io-2.7.jar;C:\Users\dabre\.m2\repository\com\google\guava\guava\32.0.0-android\guava-32.0.0-android.jar;C:\Users\dabre\.m2\repository\com\google\guava\failureaccess\1.0.1\failureaccess-1.0.1.jar;C:\Users\dabre\.m2\repository\com\google\guava\listenablefuture\9999.0-empty-to-avoid-conflict-with-guava\listenablefuture-9999.0-empty-to-avoid-conflict-with-guava.jar;C:\Users\dabre\.m2\repository\com\google\code\findbugs\jsr305\3.0.2\jsr305-3.0.2.jar;C:\Users\dabre\.m2\repository\org\checkerframework\checker-qual\3.33.0\checker-qual-3.33.0.jar;C:\Users\dabre\.m2\repository\com\google\errorprone\error_prone_annotations\2.18.0\error_prone_annotations-2.18.0.jar;C:\Users\dabre\.m2\repository\com\google\j2objc\j2objc-annotations\2.8\j2objc-annotations-2.8.jar;C:\Users\dabre\.m2\repository\ch\qos\logback\logback-classic\1.4.12\logback-classic-1.4.12.jar;C:\Users\dabre\.m2\repository\ch\qos\logback\logback-core\1.4.14\logback-core-1.4.14.jar;"/>
    <property name="allure.results.directory" value="C:\Users\dabre\Diplom_3-WEB-Tests\target/allure-results"/>
    <property name="sun.cpu.endian" value="little"/>
    <property name="user.home" value="C:\Users\dabre"/>
    <property name="user.language" value="ru"/>
    <property name="java.specification.vendor" value="Oracle Corporation"/>
    <property name="java.version.date" value="2024-04-16"/>
    <property name="java.home" value="C:\Program Files\BellSoft\LibericaJDK-17"/>
    <property name="file.separator" value="\"/>
    <property name="basedir" value="C:\Users\dabre\Diplom_3-WEB-Tests"/>
    <property name="java.vm.compressedOopsMode" value="Zero based"/>
    <property name="line.separator" value="&#10;"/>
    <property name="java.vm.specification.vendor" value="Oracle Corporation"/>
    <property name="java.specification.name" value="Java Platform API Specification"/>
    <property name="surefire.real.class.path" value="C:\Users\dabre\AppData\Local\Temp\surefire11635080284755757756\surefirebooter12647529090230110478.jar"/>
    <property name="user.script" value=""/>
    <property name="sun.management.compiler" value="HotSpot 64-Bit Tiered Compilers"/>
    <property name="java.runtime.version" value="17.0.11+10-LTS"/>
    <property name="user.name" value="dabre"/>
    <property name="path.separator" value=";"/>
    <property name="os.version" value="10.0"/>
    <property name="java.runtime.name" value="OpenJDK Runtime Environment"/>
    <property name="file.encoding" value="Cp1251"/>
    <property name="java.vm.name" value="OpenJDK 64-Bit Server VM"/>
    <property name="localRepository" value="C:\Users\dabre\.m2\repository"/>
    <property name="java.vendor.url.bug" value="https://bell-sw.com/support"/>
    <property name="java.io.tmpdir" value="C:\Users\dabre\AppData\Local\Temp\"/>
    <property name="java.version" value="17.0.11"/>
    <property name="user.dir" value="C:\Users\dabre\Diplom_3-WEB-Tests"/>
    <property name="os.arch" value="amd64"/>
    <property name="java.vm.specification.name" value="Java Virtual Machine Specification"/>
    <property name="sun.os.patch.level" value=""/>
    <property name="native.encoding" value="Cp1251"/>
    <property name="java.library.path" value="C:\Program Files\BellSoft\LibericaJDK-17\bin;C:\WINDOWS\Sun\Java\bin;C:\WINDOWS\system32;C:\WINDOWS;C:\Program Files\BellSoft\LibericaJDK-17\bin\;C:\Windows\system32;C:\Windows;C:\Windows\System32\Wbem;C:\Windows\System32\WindowsPowerShell\v1.0\;C:\Windows\System32\OpenSSH\;C:\Program Files (x86)\NVIDIA Corporation\PhysX\Common;C:\Program Files\NVIDIA Corporation\NVIDIA NvDLISR;C:\WINDOWS\system32;C:\WINDOWS;C:\WINDOWS\System32\Wbem;C:\WINDOWS\System32\WindowsPowerShell\v1.0\;C:\WINDOWS\System32\OpenSSH\;C:\Program Files\PuTTY\;C:\Program Files\apache-maven-3.9.6\bin;C:\Program Files\Git\cmd;C:\Program Files\Docker\Docker\resources\bin;C:\Users\dabre\allure-2.29.0\bin;C:\Users\dabre\AppData\Local\Microsoft\WindowsApps;;."/>
    <property name="java.vm.info" value="mixed mode, sharing"/>
    <property name="java.vendor" value="BellSoft"/>
    <property name="java.vm.version" value="17.0.11+10-LTS"/>
    <property name="sun.io.unicode.encoding" value="UnicodeLittle"/>
    <property name="java.class.version" value="61.0"/>
  </properties>
  <testcase name="testClickSauceInConstructor" classname="site.nomoreparties.stellarburgers.YandexTests.ConstructorYandexTest" time="0.182">
    <error message="Unable to obtain: chromedriver, error chromedriver must exist: C:\Users\dabre\Diplom_3-WEB-Tests\src\resources\yandexdriver.exe&#10;For documentation on this error, please visit: https://www.selenium.dev/documentation/webdriver/troubleshooting/errors/driver_location/&#10;Build info: version: &apos;4.20.0&apos;, revision: &apos;866c76ca80&apos;&#10;System info: os.name: &apos;Windows 10&apos;, os.arch: &apos;amd64&apos;, os.version: &apos;10.0&apos;, java.version: &apos;17.0.11&apos;&#10;Driver info: driver.version: SelenideDriver&#10;selenide.url: https://stellarburgers.nomoreparties.site/&#10;selenide.baseUrl: http://localhost:8080" type="org.openqa.selenium.remote.NoSuchDriverException">org.openqa.selenium.remote.NoSuchDriverException: 
Unable to obtain: chromedriver, error chromedriver must exist: C:\Users\dabre\Diplom_3-WEB-Tests\src\resources\yandexdriver.exe
For documentation on this error, please visit: https://www.selenium.dev/documentation/webdriver/troubleshooting/errors/driver_location/
Build info: version: '4.20.0', revision: '866c76ca80'
System info: os.name: 'Windows 10', os.arch: 'amd64', os.version: '10.0', java.version: '17.0.11'
Driver info: driver.version: SelenideDriver
selenide.url: https://stellarburgers.nomoreparties.site/
selenide.baseUrl: http://localhost:8080
	at site.nomoreparties.stellarburgers.YandexTests.ConstructorYandexTest.setUp(ConstructorYandexTest.java:30)
Caused by: java.lang.IllegalStateException: chromedriver must exist: C:\Users\dabre\Diplom_3-WEB-Tests\src\resources\yandexdriver.exe
	at site.nomoreparties.stellarburgers.YandexTests.ConstructorYandexTest.setUp(ConstructorYandexTest.java:30)
</error>
    <system-out><![CDATA[12:48:46.548 [main] INFO com.codeborne.selenide.impl.WebDriverThreadLocalContainer -- No webdriver is bound to current thread: 1 - let's create a new webdriver
12:48:46.548 [main] DEBUG com.codeborne.selenide.drivercommands.CreateDriverCommand -- Creating webdriver in thread 1 (ip: 192.168.1.67, host: DESKTOP-7H9UBQR)...
12:48:46.548 [main] INFO com.codeborne.selenide.impl.FileHelper -- Creating folder: C:\Users\dabre\Diplom_3-WEB-Tests\build\downloads\1716371326548_19268_1
12:48:46.549 [main] DEBUG com.codeborne.selenide.webdriver.WebDriverFactory -- browser=chrome
12:48:46.549 [main] DEBUG com.codeborne.selenide.webdriver.WebDriverFactory -- browser.version=null
12:48:46.549 [main] DEBUG com.codeborne.selenide.webdriver.WebDriverFactory -- remote=null
12:48:46.549 [main] DEBUG com.codeborne.selenide.webdriver.WebDriverFactory -- browserSize=1366x768
12:48:46.549 [main] DEBUG com.codeborne.selenide.webdriver.WebDriverFactory -- downloadsFolder=C:\Users\dabre\Diplom_3-WEB-Tests\build\downloads\1716371326548_19268_1
12:48:46.549 [main] DEBUG com.codeborne.selenide.webdriver.AbstractChromiumDriverFactory -- Using chromium preferences: {credentials_enable_service=false, safebrowsing.enabled=true, plugins.always_open_pdf_externally=true, profile.default_content_setting_values.automatic_downloads=1, profile.password_manager_enabled=false, profile.password_manager_leak_detection=false, download.default_directory=C:\Users\dabre\Diplom_3-WEB-Tests\build\downloads\1716371326548_19268_1}
12:48:46.549 [main] DEBUG com.codeborne.selenide.webdriver.ChromeDriverFactory -- Chrome options: Capabilities {acceptInsecureCerts: true, browserName: chrome, goog:chromeOptions: {args: [--proxy-bypass-list=<-loopb..., --disable-dev-shm-usage, --window-size=1366,768], excludeSwitches: [enable-automation, load-extension], extensions: [], prefs: {credentials_enable_service: false, download.default_directory: C:\Users\dabre\Diplom_3-WEB..., plugins.always_open_pdf_externally: true, profile.default_content_setting_values.automatic_downloads: 1, profile.password_manager_enabled: false, profile.password_manager_leak_detection: false, safebrowsing.enabled: true}}, pageLoadStrategy: normal, unhandledPromptBehavior: accept}
Request method:	DELETE
Request URI:	https://stellarburgers.nomoreparties.site/api/auth/user
Proxy:			<none>
Request params:	<none>
Query params:	<none>
Form params:	<none>
Path params:	<none>
Headers:		Accept=*/*
				Content-Type=application/json
Cookies:		<none>
Multiparts:		<none>
Body:			<none>
Request method:	DELETE
Request URI:	https://stellarburgers.nomoreparties.site/api/auth/user
Proxy:			<none>
Request params:	<none>
Query params:	<none>
Form params:	<none>
Path params:	<none>
Headers:		Accept=*/*
				Content-Type=application/json
Cookies:		<none>
Multiparts:		<none>
Body:			<none>
Request method:	DELETE
Request URI:	https://stellarburgers.nomoreparties.site/api/auth/user
Proxy:			<none>
Request params:	<none>
Query params:	<none>
Form params:	<none>
Path params:	<none>
Headers:		Accept=*/*
				Content-Type=application/json
Cookies:		<none>
Multiparts:		<none>
Body:			<none>
Request method:	DELETE
Request URI:	https://stellarburgers.nomoreparties.site/api/auth/user
Proxy:			<none>
Request params:	<none>
Query params:	<none>
Form params:	<none>
Path params:	<none>
Headers:		Accept=*/*
				Content-Type=application/json
Cookies:		<none>
Multiparts:		<none>
Body:			<none>
Request method:	DELETE
Request URI:	https://stellarburgers.nomoreparties.site/api/auth/user
Proxy:			<none>
Request params:	<none>
Query params:	<none>
Form params:	<none>
Path params:	<none>
Headers:		Accept=*/*
				Content-Type=application/json
Cookies:		<none>
Multiparts:		<none>
Body:			<none>
Request method:	DELETE
Request URI:	https://stellarburgers.nomoreparties.site/api/auth/user
Proxy:			<none>
Request params:	<none>
Query params:	<none>
Form params:	<none>
Path params:	<none>
Headers:		Accept=*/*
				Content-Type=application/json
Cookies:		<none>
Multiparts:		<none>
Body:			<none>
Request method:	DELETE
Request URI:	https://stellarburgers.nomoreparties.site/api/auth/user
Proxy:			<none>
Request params:	<none>
Query params:	<none>
Form params:	<none>
Path params:	<none>
Headers:		Accept=*/*
				Content-Type=application/json
Cookies:		<none>
Multiparts:		<none>
Body:			<none>
Request method:	DELETE
Request URI:	https://stellarburgers.nomoreparties.site/api/auth/user
Proxy:			<none>
Request params:	<none>
Query params:	<none>
Form params:	<none>
Path params:	<none>
Headers:		Accept=*/*
				Content-Type=application/json
Cookies:		<none>
Multiparts:		<none>
Body:			<none>
Request method:	DELETE
Request URI:	https://stellarburgers.nomoreparties.site/api/auth/user
Proxy:			<none>
Request params:	<none>
Query params:	<none>
Form params:	<none>
Path params:	<none>
Headers:		Accept=*/*
				Content-Type=application/json
Cookies:		<none>
Multiparts:		<none>
Body:			<none>
Request method:	DELETE
Request URI:	https://stellarburgers.nomoreparties.site/api/auth/user
Proxy:			<none>
Request params:	<none>
Query params:	<none>
Form params:	<none>
Path params:	<none>
Headers:		Accept=*/*
				Content-Type=application/json
Cookies:		<none>
Multiparts:		<none>
Body:			<none>
Request method:	DELETE
Request URI:	https://stellarburgers.nomoreparties.site/api/auth/user
Proxy:			<none>
Request params:	<none>
Query params:	<none>
Form params:	<none>
Path params:	<none>
Headers:		Accept=*/*
				Content-Type=application/json
Cookies:		<none>
Multiparts:		<none>
Body:			<none>
Request method:	DELETE
Request URI:	https://stellarburgers.nomoreparties.site/api/auth/user
Proxy:			<none>
Request params:	<none>
Query params:	<none>
Form params:	<none>
Path params:	<none>
Headers:		Accept=*/*
				Content-Type=application/json
Cookies:		<none>
Multiparts:		<none>
Body:			<none>
Request method:	DELETE
Request URI:	https://stellarburgers.nomoreparties.site/api/auth/user
Proxy:			<none>
Request params:	<none>
Query params:	<none>
Form params:	<none>
Path params:	<none>
Headers:		Accept=*/*
				Content-Type=application/json
Cookies:		<none>
Multiparts:		<none>
Body:			<none>
Request method:	DELETE
Request URI:	https://stellarburgers.nomoreparties.site/api/auth/user
Proxy:			<none>
Request params:	<none>
Query params:	<none>
Form params:	<none>
Path params:	<none>
Headers:		Accept=*/*
				Content-Type=application/json
Cookies:		<none>
Multiparts:		<none>
Body:			<none>
Request method:	DELETE
Request URI:	https://stellarburgers.nomoreparties.site/api/auth/user
Proxy:			<none>
Request params:	<none>
Query params:	<none>
Form params:	<none>
Path params:	<none>
Headers:		Accept=*/*
				Content-Type=application/json
Cookies:		<none>
Multiparts:		<none>
Body:			<none>
Request method:	DELETE
Request URI:	https://stellarburgers.nomoreparties.site/api/auth/user
Proxy:			<none>
Request params:	<none>
Query params:	<none>
Form params:	<none>
Path params:	<none>
Headers:		Accept=*/*
				Content-Type=application/json
Cookies:		<none>
Multiparts:		<none>
Body:			<none>
Request method:	DELETE
Request URI:	https://stellarburgers.nomoreparties.site/api/auth/user
Proxy:			<none>
Request params:	<none>
Query params:	<none>
Form params:	<none>
Path params:	<none>
Headers:		Accept=*/*
				Content-Type=application/json
Cookies:		<none>
Multiparts:		<none>
Body:			<none>
12:48:46.565 [main] DEBUG org.apache.http.impl.conn.BasicClientConnectionManager -- Get connection for route {s}->https://stellarburgers.nomoreparties.site:443
12:48:46.565 [main] DEBUG org.apache.http.impl.conn.DefaultClientConnectionOperator -- Connecting to stellarburgers.nomoreparties.site:443
12:48:46.671 [main] DEBUG org.apache.http.client.protocol.RequestAddCookies -- CookieSpec selected: ignoreCookies
12:48:46.671 [main] DEBUG org.apache.http.client.protocol.RequestAuthCache -- Auth cache not set in the context
12:48:46.671 [main] DEBUG org.apache.http.client.protocol.RequestProxyAuthentication -- Proxy auth state: UNCHALLENGED
12:48:46.671 [main] DEBUG org.apache.http.impl.client.DefaultHttpClient -- Attempt 1 to execute request
12:48:46.671 [main] DEBUG org.apache.http.impl.conn.DefaultClientConnection -- Sending request: DELETE /api/auth/user HTTP/1.1
12:48:46.671 [main] DEBUG org.apache.http.wire --  >> "DELETE /api/auth/user HTTP/1.1[\r][\n]"
12:48:46.672 [main] DEBUG org.apache.http.wire --  >> "Content-Type: application/json[\r][\n]"
12:48:46.672 [main] DEBUG org.apache.http.wire --  >> "Authorization: Bearer eyJhbGciOiJIUzI1NiIsInR5cCI6IkpXVCJ9.eyJpZCI6IjY2NGRiZjc0OWVkMjgwMDAxYjQxNzRiZSIsImlhdCI6MTcxNjM3MTMxNiwiZXhwIjoxNzE2MzcyNTE2fQ.1gYRUtCGfKIYWUdaoMDMyhF_5UzMpUH8_V3yubGyXQk[\r][\n]"
12:48:46.672 [main] DEBUG org.apache.http.wire --  >> "Accept: */*[\r][\n]"
12:48:46.672 [main] DEBUG org.apache.http.wire --  >> "Host: stellarburgers.nomoreparties.site[\r][\n]"
12:48:46.672 [main] DEBUG org.apache.http.wire --  >> "Connection: Keep-Alive[\r][\n]"
12:48:46.672 [main] DEBUG org.apache.http.wire --  >> "User-Agent: Apache-HttpClient/4.5.13 (Java/17.0.11)[\r][\n]"
12:48:46.672 [main] DEBUG org.apache.http.wire --  >> "Accept-Encoding: gzip,deflate[\r][\n]"
12:48:46.672 [main] DEBUG org.apache.http.wire --  >> "[\r][\n]"
12:48:46.672 [main] DEBUG org.apache.http.headers -- >> DELETE /api/auth/user HTTP/1.1
12:48:46.672 [main] DEBUG org.apache.http.headers -- >> Content-Type: application/json
12:48:46.672 [main] DEBUG org.apache.http.headers -- >> Authorization: Bearer eyJhbGciOiJIUzI1NiIsInR5cCI6IkpXVCJ9.eyJpZCI6IjY2NGRiZjc0OWVkMjgwMDAxYjQxNzRiZSIsImlhdCI6MTcxNjM3MTMxNiwiZXhwIjoxNzE2MzcyNTE2fQ.1gYRUtCGfKIYWUdaoMDMyhF_5UzMpUH8_V3yubGyXQk
12:48:46.672 [main] DEBUG org.apache.http.headers -- >> Accept: */*
12:48:46.672 [main] DEBUG org.apache.http.headers -- >> Host: stellarburgers.nomoreparties.site
12:48:46.672 [main] DEBUG org.apache.http.headers -- >> Connection: Keep-Alive
12:48:46.672 [main] DEBUG org.apache.http.headers -- >> User-Agent: Apache-HttpClient/4.5.13 (Java/17.0.11)
12:48:46.672 [main] DEBUG org.apache.http.headers -- >> Accept-Encoding: gzip,deflate
12:48:46.745 [main] DEBUG org.apache.http.wire --  << "HTTP/1.1 404 Not Found[\r][\n]"
12:48:46.745 [main] DEBUG org.apache.http.wire --  << "Date: Wed, 22 May 2024 09:48:47 GMT[\r][\n]"
12:48:46.745 [main] DEBUG org.apache.http.wire --  << "Content-Type: application/json; charset=utf-8[\r][\n]"
12:48:46.745 [main] DEBUG org.apache.http.wire --  << "Content-Length: 44[\r][\n]"
12:48:46.745 [main] DEBUG org.apache.http.wire --  << "Connection: keep-alive[\r][\n]"
12:48:46.745 [main] DEBUG org.apache.http.wire --  << "X-Powered-By: Express[\r][\n]"
12:48:46.745 [main] DEBUG org.apache.http.wire --  << "Access-Control-Allow-Origin: *[\r][\n]"
12:48:46.745 [main] DEBUG org.apache.http.wire --  << "ETag: W/"2c-EAnCIFy1uGovyo/FU6KYwnjLgrc"[\r][\n]"
12:48:46.745 [main] DEBUG org.apache.http.wire --  << "CF-Cache-Status: DYNAMIC[\r][\n]"
12:48:46.745 [main] DEBUG org.apache.http.wire --  << "Report-To: {"endpoints":[{"url":"https:\/\/a.nel.cloudflare.com\/report\/v4?s=IWw7mrl9%2BZk0xhq3WDoSO6pLOM08Y%2FOjp4f0LjI1bJzbrzU24e7c5SHhbZsaHjaTIgMSn9BDJNYd%2F%2Fjk%2Ff8p6QRhsG%2By6EmNAwHWj50rpa%2BIoeFHgjtJD3zgxTWn%2FUcJ3xdMnWx7%2Fqw%2BG0wugrz2YY9aTMQ%3D"}],"group":"cf-nel","max_age":604800}[\r][\n]"
12:48:46.745 [main] DEBUG org.apache.http.wire --  << "NEL: {"success_fraction":0,"report_to":"cf-nel","max_age":604800}[\r][\n]"
12:48:46.745 [main] DEBUG org.apache.http.wire --  << "Server: cloudflare[\r][\n]"
12:48:46.745 [main] DEBUG org.apache.http.wire --  << "CF-RAY: 887be47b8bd6712a-OSL[\r][\n]"
12:48:46.745 [main] DEBUG org.apache.http.wire --  << "alt-svc: h3=":443"; ma=86400[\r][\n]"
12:48:46.745 [main] DEBUG org.apache.http.wire --  << "[\r][\n]"
12:48:46.745 [main] DEBUG org.apache.http.impl.conn.DefaultClientConnection -- Receiving response: HTTP/1.1 404 Not Found
12:48:46.745 [main] DEBUG org.apache.http.headers -- << HTTP/1.1 404 Not Found
12:48:46.745 [main] DEBUG org.apache.http.headers -- << Date: Wed, 22 May 2024 09:48:47 GMT
12:48:46.745 [main] DEBUG org.apache.http.headers -- << Content-Type: application/json; charset=utf-8
12:48:46.745 [main] DEBUG org.apache.http.headers -- << Content-Length: 44
12:48:46.745 [main] DEBUG org.apache.http.headers -- << Connection: keep-alive
12:48:46.745 [main] DEBUG org.apache.http.headers -- << X-Powered-By: Express
12:48:46.745 [main] DEBUG org.apache.http.headers -- << Access-Control-Allow-Origin: *
12:48:46.745 [main] DEBUG org.apache.http.headers -- << ETag: W/"2c-EAnCIFy1uGovyo/FU6KYwnjLgrc"
12:48:46.745 [main] DEBUG org.apache.http.headers -- << CF-Cache-Status: DYNAMIC
12:48:46.745 [main] DEBUG org.apache.http.headers -- << Report-To: {"endpoints":[{"url":"https:\/\/a.nel.cloudflare.com\/report\/v4?s=IWw7mrl9%2BZk0xhq3WDoSO6pLOM08Y%2FOjp4f0LjI1bJzbrzU24e7c5SHhbZsaHjaTIgMSn9BDJNYd%2F%2Fjk%2Ff8p6QRhsG%2By6EmNAwHWj50rpa%2BIoeFHgjtJD3zgxTWn%2FUcJ3xdMnWx7%2Fqw%2BG0wugrz2YY9aTMQ%3D"}],"group":"cf-nel","max_age":604800}
12:48:46.745 [main] DEBUG org.apache.http.headers -- << NEL: {"success_fraction":0,"report_to":"cf-nel","max_age":604800}
12:48:46.745 [main] DEBUG org.apache.http.headers -- << Server: cloudflare
12:48:46.745 [main] DEBUG org.apache.http.headers -- << CF-RAY: 887be47b8bd6712a-OSL
12:48:46.745 [main] DEBUG org.apache.http.headers -- << alt-svc: h3=":443"; ma=86400
12:48:46.746 [main] DEBUG org.apache.http.impl.client.DefaultHttpClient -- Connection can be kept alive indefinitely
12:48:46.746 [main] DEBUG io.restassured.internal.RequestSpecificationImpl$RestAssuredHttpBuilder -- Parsing response as: application/json; charset=utf-8
12:48:46.746 [main] DEBUG io.restassured.internal.RequestSpecificationImpl$RestAssuredHttpBuilder -- Parsed data to instance of: class org.apache.http.conn.EofSensorInputStream
12:48:46.746 [main] DEBUG org.apache.http.wire --  << "{"success":false,"message":"User not found"}"
12:48:46.746 [main] DEBUG org.apache.http.impl.conn.BasicClientConnectionManager -- Releasing connection org.apache.http.impl.conn.ManagedClientConnectionImpl@6cd79426
12:48:46.746 [main] DEBUG org.apache.http.impl.conn.BasicClientConnectionManager -- Connection can be kept alive indefinitely
HTTP/1.1 404 Not Found
Date: Wed, 22 May 2024 09:48:47 GMT
Content-Type: application/json; charset=utf-8
Content-Length: 44
Connection: keep-alive
X-Powered-By: Express
Access-Control-Allow-Origin: *
ETag: W/"2c-EAnCIFy1uGovyo/FU6KYwnjLgrc"
CF-Cache-Status: DYNAMIC
Report-To: {"endpoints":[{"url":"https:\/\/a.nel.cloudflare.com\/report\/v4?s=IWw7mrl9%2BZk0xhq3WDoSO6pLOM08Y%2FOjp4f0LjI1bJzbrzU24e7c5SHhbZsaHjaTIgMSn9BDJNYd%2F%2Fjk%2Ff8p6QRhsG%2By6EmNAwHWj50rpa%2BIoeFHgjtJD3zgxTWn%2FUcJ3xdMnWx7%2Fqw%2BG0wugrz2YY9aTMQ%3D"}],"group":"cf-nel","max_age":604800}
NEL: {"success_fraction":0,"report_to":"cf-nel","max_age":604800}
Server: cloudflare
CF-RAY: 887be47b8bd6712a-OSL
alt-svc: h3=":443"; ma=86400

{
    "success": false,
    "message": "User not found"
}
HTTP/1.1 404 Not Found
Date: Wed, 22 May 2024 09:48:47 GMT
Content-Type: application/json; charset=utf-8
Content-Length: 44
Connection: keep-alive
X-Powered-By: Express
Access-Control-Allow-Origin: *
ETag: W/"2c-EAnCIFy1uGovyo/FU6KYwnjLgrc"
CF-Cache-Status: DYNAMIC
Report-To: {"endpoints":[{"url":"https:\/\/a.nel.cloudflare.com\/report\/v4?s=IWw7mrl9%2BZk0xhq3WDoSO6pLOM08Y%2FOjp4f0LjI1bJzbrzU24e7c5SHhbZsaHjaTIgMSn9BDJNYd%2F%2Fjk%2Ff8p6QRhsG%2By6EmNAwHWj50rpa%2BIoeFHgjtJD3zgxTWn%2FUcJ3xdMnWx7%2Fqw%2BG0wugrz2YY9aTMQ%3D"}],"group":"cf-nel","max_age":604800}
NEL: {"success_fraction":0,"report_to":"cf-nel","max_age":604800}
Server: cloudflare
CF-RAY: 887be47b8bd6712a-OSL
alt-svc: h3=":443"; ma=86400

{
    "success": false,
    "message": "User not found"
}
HTTP/1.1 404 Not Found
Date: Wed, 22 May 2024 09:48:47 GMT
Content-Type: application/json; charset=utf-8
Content-Length: 44
Connection: keep-alive
X-Powered-By: Express
Access-Control-Allow-Origin: *
ETag: W/"2c-EAnCIFy1uGovyo/FU6KYwnjLgrc"
CF-Cache-Status: DYNAMIC
Report-To: {"endpoints":[{"url":"https:\/\/a.nel.cloudflare.com\/report\/v4?s=IWw7mrl9%2BZk0xhq3WDoSO6pLOM08Y%2FOjp4f0LjI1bJzbrzU24e7c5SHhbZsaHjaTIgMSn9BDJNYd%2F%2Fjk%2Ff8p6QRhsG%2By6EmNAwHWj50rpa%2BIoeFHgjtJD3zgxTWn%2FUcJ3xdMnWx7%2Fqw%2BG0wugrz2YY9aTMQ%3D"}],"group":"cf-nel","max_age":604800}
NEL: {"success_fraction":0,"report_to":"cf-nel","max_age":604800}
Server: cloudflare
CF-RAY: 887be47b8bd6712a-OSL
alt-svc: h3=":443"; ma=86400

{
    "success": false,
    "message": "User not found"
}
HTTP/1.1 404 Not Found
Date: Wed, 22 May 2024 09:48:47 GMT
Content-Type: application/json; charset=utf-8
Content-Length: 44
Connection: keep-alive
X-Powered-By: Express
Access-Control-Allow-Origin: *
ETag: W/"2c-EAnCIFy1uGovyo/FU6KYwnjLgrc"
CF-Cache-Status: DYNAMIC
Report-To: {"endpoints":[{"url":"https:\/\/a.nel.cloudflare.com\/report\/v4?s=IWw7mrl9%2BZk0xhq3WDoSO6pLOM08Y%2FOjp4f0LjI1bJzbrzU24e7c5SHhbZsaHjaTIgMSn9BDJNYd%2F%2Fjk%2Ff8p6QRhsG%2By6EmNAwHWj50rpa%2BIoeFHgjtJD3zgxTWn%2FUcJ3xdMnWx7%2Fqw%2BG0wugrz2YY9aTMQ%3D"}],"group":"cf-nel","max_age":604800}
NEL: {"success_fraction":0,"report_to":"cf-nel","max_age":604800}
Server: cloudflare
CF-RAY: 887be47b8bd6712a-OSL
alt-svc: h3=":443"; ma=86400

{
    "success": false,
    "message": "User not found"
}
HTTP/1.1 404 Not Found
Date: Wed, 22 May 2024 09:48:47 GMT
Content-Type: application/json; charset=utf-8
Content-Length: 44
Connection: keep-alive
X-Powered-By: Express
Access-Control-Allow-Origin: *
ETag: W/"2c-EAnCIFy1uGovyo/FU6KYwnjLgrc"
CF-Cache-Status: DYNAMIC
Report-To: {"endpoints":[{"url":"https:\/\/a.nel.cloudflare.com\/report\/v4?s=IWw7mrl9%2BZk0xhq3WDoSO6pLOM08Y%2FOjp4f0LjI1bJzbrzU24e7c5SHhbZsaHjaTIgMSn9BDJNYd%2F%2Fjk%2Ff8p6QRhsG%2By6EmNAwHWj50rpa%2BIoeFHgjtJD3zgxTWn%2FUcJ3xdMnWx7%2Fqw%2BG0wugrz2YY9aTMQ%3D"}],"group":"cf-nel","max_age":604800}
NEL: {"success_fraction":0,"report_to":"cf-nel","max_age":604800}
Server: cloudflare
CF-RAY: 887be47b8bd6712a-OSL
alt-svc: h3=":443"; ma=86400

{
    "success": false,
    "message": "User not found"
}
HTTP/1.1 404 Not Found
Date: Wed, 22 May 2024 09:48:47 GMT
Content-Type: application/json; charset=utf-8
Content-Length: 44
Connection: keep-alive
X-Powered-By: Express
Access-Control-Allow-Origin: *
ETag: W/"2c-EAnCIFy1uGovyo/FU6KYwnjLgrc"
CF-Cache-Status: DYNAMIC
Report-To: {"endpoints":[{"url":"https:\/\/a.nel.cloudflare.com\/report\/v4?s=IWw7mrl9%2BZk0xhq3WDoSO6pLOM08Y%2FOjp4f0LjI1bJzbrzU24e7c5SHhbZsaHjaTIgMSn9BDJNYd%2F%2Fjk%2Ff8p6QRhsG%2By6EmNAwHWj50rpa%2BIoeFHgjtJD3zgxTWn%2FUcJ3xdMnWx7%2Fqw%2BG0wugrz2YY9aTMQ%3D"}],"group":"cf-nel","max_age":604800}
NEL: {"success_fraction":0,"report_to":"cf-nel","max_age":604800}
Server: cloudflare
CF-RAY: 887be47b8bd6712a-OSL
alt-svc: h3=":443"; ma=86400

{
    "success": false,
    "message": "User not found"
}
HTTP/1.1 404 Not Found
Date: Wed, 22 May 2024 09:48:47 GMT
Content-Type: application/json; charset=utf-8
Content-Length: 44
Connection: keep-alive
X-Powered-By: Express
Access-Control-Allow-Origin: *
ETag: W/"2c-EAnCIFy1uGovyo/FU6KYwnjLgrc"
CF-Cache-Status: DYNAMIC
Report-To: {"endpoints":[{"url":"https:\/\/a.nel.cloudflare.com\/report\/v4?s=IWw7mrl9%2BZk0xhq3WDoSO6pLOM08Y%2FOjp4f0LjI1bJzbrzU24e7c5SHhbZsaHjaTIgMSn9BDJNYd%2F%2Fjk%2Ff8p6QRhsG%2By6EmNAwHWj50rpa%2BIoeFHgjtJD3zgxTWn%2FUcJ3xdMnWx7%2Fqw%2BG0wugrz2YY9aTMQ%3D"}],"group":"cf-nel","max_age":604800}
NEL: {"success_fraction":0,"report_to":"cf-nel","max_age":604800}
Server: cloudflare
CF-RAY: 887be47b8bd6712a-OSL
alt-svc: h3=":443"; ma=86400

{
    "success": false,
    "message": "User not found"
}
HTTP/1.1 404 Not Found
Date: Wed, 22 May 2024 09:48:47 GMT
Content-Type: application/json; charset=utf-8
Content-Length: 44
Connection: keep-alive
X-Powered-By: Express
Access-Control-Allow-Origin: *
ETag: W/"2c-EAnCIFy1uGovyo/FU6KYwnjLgrc"
CF-Cache-Status: DYNAMIC
Report-To: {"endpoints":[{"url":"https:\/\/a.nel.cloudflare.com\/report\/v4?s=IWw7mrl9%2BZk0xhq3WDoSO6pLOM08Y%2FOjp4f0LjI1bJzbrzU24e7c5SHhbZsaHjaTIgMSn9BDJNYd%2F%2Fjk%2Ff8p6QRhsG%2By6EmNAwHWj50rpa%2BIoeFHgjtJD3zgxTWn%2FUcJ3xdMnWx7%2Fqw%2BG0wugrz2YY9aTMQ%3D"}],"group":"cf-nel","max_age":604800}
NEL: {"success_fraction":0,"report_to":"cf-nel","max_age":604800}
Server: cloudflare
CF-RAY: 887be47b8bd6712a-OSL
alt-svc: h3=":443"; ma=86400

{
    "success": false,
    "message": "User not found"
}
HTTP/1.1 404 Not Found
Date: Wed, 22 May 2024 09:48:47 GMT
Content-Type: application/json; charset=utf-8
Content-Length: 44
Connection: keep-alive
X-Powered-By: Express
Access-Control-Allow-Origin: *
ETag: W/"2c-EAnCIFy1uGovyo/FU6KYwnjLgrc"
CF-Cache-Status: DYNAMIC
Report-To: {"endpoints":[{"url":"https:\/\/a.nel.cloudflare.com\/report\/v4?s=IWw7mrl9%2BZk0xhq3WDoSO6pLOM08Y%2FOjp4f0LjI1bJzbrzU24e7c5SHhbZsaHjaTIgMSn9BDJNYd%2F%2Fjk%2Ff8p6QRhsG%2By6EmNAwHWj50rpa%2BIoeFHgjtJD3zgxTWn%2FUcJ3xdMnWx7%2Fqw%2BG0wugrz2YY9aTMQ%3D"}],"group":"cf-nel","max_age":604800}
NEL: {"success_fraction":0,"report_to":"cf-nel","max_age":604800}
Server: cloudflare
CF-RAY: 887be47b8bd6712a-OSL
alt-svc: h3=":443"; ma=86400

{
    "success": false,
    "message": "User not found"
}
HTTP/1.1 404 Not Found
Date: Wed, 22 May 2024 09:48:47 GMT
Content-Type: application/json; charset=utf-8
Content-Length: 44
Connection: keep-alive
X-Powered-By: Express
Access-Control-Allow-Origin: *
ETag: W/"2c-EAnCIFy1uGovyo/FU6KYwnjLgrc"
CF-Cache-Status: DYNAMIC
Report-To: {"endpoints":[{"url":"https:\/\/a.nel.cloudflare.com\/report\/v4?s=IWw7mrl9%2BZk0xhq3WDoSO6pLOM08Y%2FOjp4f0LjI1bJzbrzU24e7c5SHhbZsaHjaTIgMSn9BDJNYd%2F%2Fjk%2Ff8p6QRhsG%2By6EmNAwHWj50rpa%2BIoeFHgjtJD3zgxTWn%2FUcJ3xdMnWx7%2Fqw%2BG0wugrz2YY9aTMQ%3D"}],"group":"cf-nel","max_age":604800}
NEL: {"success_fraction":0,"report_to":"cf-nel","max_age":604800}
Server: cloudflare
CF-RAY: 887be47b8bd6712a-OSL
alt-svc: h3=":443"; ma=86400

{
    "success": false,
    "message": "User not found"
}
HTTP/1.1 404 Not Found
Date: Wed, 22 May 2024 09:48:47 GMT
Content-Type: application/json; charset=utf-8
Content-Length: 44
Connection: keep-alive
X-Powered-By: Express
Access-Control-Allow-Origin: *
ETag: W/"2c-EAnCIFy1uGovyo/FU6KYwnjLgrc"
CF-Cache-Status: DYNAMIC
Report-To: {"endpoints":[{"url":"https:\/\/a.nel.cloudflare.com\/report\/v4?s=IWw7mrl9%2BZk0xhq3WDoSO6pLOM08Y%2FOjp4f0LjI1bJzbrzU24e7c5SHhbZsaHjaTIgMSn9BDJNYd%2F%2Fjk%2Ff8p6QRhsG%2By6EmNAwHWj50rpa%2BIoeFHgjtJD3zgxTWn%2FUcJ3xdMnWx7%2Fqw%2BG0wugrz2YY9aTMQ%3D"}],"group":"cf-nel","max_age":604800}
NEL: {"success_fraction":0,"report_to":"cf-nel","max_age":604800}
Server: cloudflare
CF-RAY: 887be47b8bd6712a-OSL
alt-svc: h3=":443"; ma=86400

{
    "success": false,
    "message": "User not found"
}
HTTP/1.1 404 Not Found
Date: Wed, 22 May 2024 09:48:47 GMT
Content-Type: application/json; charset=utf-8
Content-Length: 44
Connection: keep-alive
X-Powered-By: Express
Access-Control-Allow-Origin: *
ETag: W/"2c-EAnCIFy1uGovyo/FU6KYwnjLgrc"
CF-Cache-Status: DYNAMIC
Report-To: {"endpoints":[{"url":"https:\/\/a.nel.cloudflare.com\/report\/v4?s=IWw7mrl9%2BZk0xhq3WDoSO6pLOM08Y%2FOjp4f0LjI1bJzbrzU24e7c5SHhbZsaHjaTIgMSn9BDJNYd%2F%2Fjk%2Ff8p6QRhsG%2By6EmNAwHWj50rpa%2BIoeFHgjtJD3zgxTWn%2FUcJ3xdMnWx7%2Fqw%2BG0wugrz2YY9aTMQ%3D"}],"group":"cf-nel","max_age":604800}
NEL: {"success_fraction":0,"report_to":"cf-nel","max_age":604800}
Server: cloudflare
CF-RAY: 887be47b8bd6712a-OSL
alt-svc: h3=":443"; ma=86400

{
    "success": false,
    "message": "User not found"
}
HTTP/1.1 404 Not Found
Date: Wed, 22 May 2024 09:48:47 GMT
Content-Type: application/json; charset=utf-8
Content-Length: 44
Connection: keep-alive
X-Powered-By: Express
Access-Control-Allow-Origin: *
ETag: W/"2c-EAnCIFy1uGovyo/FU6KYwnjLgrc"
CF-Cache-Status: DYNAMIC
Report-To: {"endpoints":[{"url":"https:\/\/a.nel.cloudflare.com\/report\/v4?s=IWw7mrl9%2BZk0xhq3WDoSO6pLOM08Y%2FOjp4f0LjI1bJzbrzU24e7c5SHhbZsaHjaTIgMSn9BDJNYd%2F%2Fjk%2Ff8p6QRhsG%2By6EmNAwHWj50rpa%2BIoeFHgjtJD3zgxTWn%2FUcJ3xdMnWx7%2Fqw%2BG0wugrz2YY9aTMQ%3D"}],"group":"cf-nel","max_age":604800}
NEL: {"success_fraction":0,"report_to":"cf-nel","max_age":604800}
Server: cloudflare
CF-RAY: 887be47b8bd6712a-OSL
alt-svc: h3=":443"; ma=86400

{
    "success": false,
    "message": "User not found"
}
HTTP/1.1 404 Not Found
Date: Wed, 22 May 2024 09:48:47 GMT
Content-Type: application/json; charset=utf-8
Content-Length: 44
Connection: keep-alive
X-Powered-By: Express
Access-Control-Allow-Origin: *
ETag: W/"2c-EAnCIFy1uGovyo/FU6KYwnjLgrc"
CF-Cache-Status: DYNAMIC
Report-To: {"endpoints":[{"url":"https:\/\/a.nel.cloudflare.com\/report\/v4?s=IWw7mrl9%2BZk0xhq3WDoSO6pLOM08Y%2FOjp4f0LjI1bJzbrzU24e7c5SHhbZsaHjaTIgMSn9BDJNYd%2F%2Fjk%2Ff8p6QRhsG%2By6EmNAwHWj50rpa%2BIoeFHgjtJD3zgxTWn%2FUcJ3xdMnWx7%2Fqw%2BG0wugrz2YY9aTMQ%3D"}],"group":"cf-nel","max_age":604800}
NEL: {"success_fraction":0,"report_to":"cf-nel","max_age":604800}
Server: cloudflare
CF-RAY: 887be47b8bd6712a-OSL
alt-svc: h3=":443"; ma=86400

{
    "success": false,
    "message": "User not found"
}
HTTP/1.1 404 Not Found
Date: Wed, 22 May 2024 09:48:47 GMT
Content-Type: application/json; charset=utf-8
Content-Length: 44
Connection: keep-alive
X-Powered-By: Express
Access-Control-Allow-Origin: *
ETag: W/"2c-EAnCIFy1uGovyo/FU6KYwnjLgrc"
CF-Cache-Status: DYNAMIC
Report-To: {"endpoints":[{"url":"https:\/\/a.nel.cloudflare.com\/report\/v4?s=IWw7mrl9%2BZk0xhq3WDoSO6pLOM08Y%2FOjp4f0LjI1bJzbrzU24e7c5SHhbZsaHjaTIgMSn9BDJNYd%2F%2Fjk%2Ff8p6QRhsG%2By6EmNAwHWj50rpa%2BIoeFHgjtJD3zgxTWn%2FUcJ3xdMnWx7%2Fqw%2BG0wugrz2YY9aTMQ%3D"}],"group":"cf-nel","max_age":604800}
NEL: {"success_fraction":0,"report_to":"cf-nel","max_age":604800}
Server: cloudflare
CF-RAY: 887be47b8bd6712a-OSL
alt-svc: h3=":443"; ma=86400

{
    "success": false,
    "message": "User not found"
}
HTTP/1.1 404 Not Found
Date: Wed, 22 May 2024 09:48:47 GMT
Content-Type: application/json; charset=utf-8
Content-Length: 44
Connection: keep-alive
X-Powered-By: Express
Access-Control-Allow-Origin: *
ETag: W/"2c-EAnCIFy1uGovyo/FU6KYwnjLgrc"
CF-Cache-Status: DYNAMIC
Report-To: {"endpoints":[{"url":"https:\/\/a.nel.cloudflare.com\/report\/v4?s=IWw7mrl9%2BZk0xhq3WDoSO6pLOM08Y%2FOjp4f0LjI1bJzbrzU24e7c5SHhbZsaHjaTIgMSn9BDJNYd%2F%2Fjk%2Ff8p6QRhsG%2By6EmNAwHWj50rpa%2BIoeFHgjtJD3zgxTWn%2FUcJ3xdMnWx7%2Fqw%2BG0wugrz2YY9aTMQ%3D"}],"group":"cf-nel","max_age":604800}
NEL: {"success_fraction":0,"report_to":"cf-nel","max_age":604800}
Server: cloudflare
CF-RAY: 887be47b8bd6712a-OSL
alt-svc: h3=":443"; ma=86400

{
    "success": false,
    "message": "User not found"
}
HTTP/1.1 404 Not Found
Date: Wed, 22 May 2024 09:48:47 GMT
Content-Type: application/json; charset=utf-8
Content-Length: 44
Connection: keep-alive
X-Powered-By: Express
Access-Control-Allow-Origin: *
ETag: W/"2c-EAnCIFy1uGovyo/FU6KYwnjLgrc"
CF-Cache-Status: DYNAMIC
Report-To: {"endpoints":[{"url":"https:\/\/a.nel.cloudflare.com\/report\/v4?s=IWw7mrl9%2BZk0xhq3WDoSO6pLOM08Y%2FOjp4f0LjI1bJzbrzU24e7c5SHhbZsaHjaTIgMSn9BDJNYd%2F%2Fjk%2Ff8p6QRhsG%2By6EmNAwHWj50rpa%2BIoeFHgjtJD3zgxTWn%2FUcJ3xdMnWx7%2Fqw%2BG0wugrz2YY9aTMQ%3D"}],"group":"cf-nel","max_age":604800}
NEL: {"success_fraction":0,"report_to":"cf-nel","max_age":604800}
Server: cloudflare
CF-RAY: 887be47b8bd6712a-OSL
alt-svc: h3=":443"; ma=86400

{
    "success": false,
    "message": "User not found"
}
]]></system-out>
  </testcase>
  <testcase name="testClickSauceInConstructor" classname="site.nomoreparties.stellarburgers.YandexTests.ConstructorYandexTest" time="0.182">
    <failure message="1 expectation failed.&#10;Expected status code &lt;202&gt; but was &lt;404&gt;.&#10;" type="java.lang.AssertionError"><![CDATA[java.lang.AssertionError: 
1 expectation failed.
Expected status code <202> but was <404>.

	at site.nomoreparties.stellarburgers.YandexTests.ConstructorYandexTest.tearDown(ConstructorYandexTest.java:39)
]]></failure>
  </testcase>
  <testcase name="testClickFillingInConstructor" classname="site.nomoreparties.stellarburgers.YandexTests.ConstructorYandexTest" time="0.112">
    <error message="Unable to obtain: chromedriver, error chromedriver must exist: C:\Users\dabre\Diplom_3-WEB-Tests\src\resources\yandexdriver.exe&#10;For documentation on this error, please visit: https://www.selenium.dev/documentation/webdriver/troubleshooting/errors/driver_location/&#10;Build info: version: &apos;4.20.0&apos;, revision: &apos;866c76ca80&apos;&#10;System info: os.name: &apos;Windows 10&apos;, os.arch: &apos;amd64&apos;, os.version: &apos;10.0&apos;, java.version: &apos;17.0.11&apos;&#10;Driver info: driver.version: SelenideDriver&#10;selenide.url: https://stellarburgers.nomoreparties.site/&#10;selenide.baseUrl: http://localhost:8080" type="org.openqa.selenium.remote.NoSuchDriverException">org.openqa.selenium.remote.NoSuchDriverException: 
Unable to obtain: chromedriver, error chromedriver must exist: C:\Users\dabre\Diplom_3-WEB-Tests\src\resources\yandexdriver.exe
For documentation on this error, please visit: https://www.selenium.dev/documentation/webdriver/troubleshooting/errors/driver_location/
Build info: version: '4.20.0', revision: '866c76ca80'
System info: os.name: 'Windows 10', os.arch: 'amd64', os.version: '10.0', java.version: '17.0.11'
Driver info: driver.version: SelenideDriver
selenide.url: https://stellarburgers.nomoreparties.site/
selenide.baseUrl: http://localhost:8080
	at site.nomoreparties.stellarburgers.YandexTests.ConstructorYandexTest.setUp(ConstructorYandexTest.java:30)
Caused by: java.lang.IllegalStateException: chromedriver must exist: C:\Users\dabre\Diplom_3-WEB-Tests\src\resources\yandexdriver.exe
	at site.nomoreparties.stellarburgers.YandexTests.ConstructorYandexTest.setUp(ConstructorYandexTest.java:30)
</error>
    <system-out><![CDATA[12:48:46.753 [main] INFO com.codeborne.selenide.impl.WebDriverThreadLocalContainer -- No webdriver is bound to current thread: 1 - let's create a new webdriver
12:48:46.753 [main] DEBUG com.codeborne.selenide.drivercommands.CreateDriverCommand -- Creating webdriver in thread 1 (ip: 192.168.1.67, host: DESKTOP-7H9UBQR)...
12:48:46.754 [main] INFO com.codeborne.selenide.impl.FileHelper -- Creating folder: C:\Users\dabre\Diplom_3-WEB-Tests\build\downloads\1716371326754_19268_1
12:48:46.754 [main] DEBUG com.codeborne.selenide.webdriver.WebDriverFactory -- browser=chrome
12:48:46.754 [main] DEBUG com.codeborne.selenide.webdriver.WebDriverFactory -- browser.version=null
12:48:46.754 [main] DEBUG com.codeborne.selenide.webdriver.WebDriverFactory -- remote=null
12:48:46.754 [main] DEBUG com.codeborne.selenide.webdriver.WebDriverFactory -- browserSize=1366x768
12:48:46.754 [main] DEBUG com.codeborne.selenide.webdriver.WebDriverFactory -- downloadsFolder=C:\Users\dabre\Diplom_3-WEB-Tests\build\downloads\1716371326754_19268_1
12:48:46.754 [main] DEBUG com.codeborne.selenide.webdriver.AbstractChromiumDriverFactory -- Using chromium preferences: {credentials_enable_service=false, safebrowsing.enabled=true, plugins.always_open_pdf_externally=true, profile.default_content_setting_values.automatic_downloads=1, profile.password_manager_enabled=false, profile.password_manager_leak_detection=false, download.default_directory=C:\Users\dabre\Diplom_3-WEB-Tests\build\downloads\1716371326754_19268_1}
12:48:46.754 [main] DEBUG com.codeborne.selenide.webdriver.ChromeDriverFactory -- Chrome options: Capabilities {acceptInsecureCerts: true, browserName: chrome, goog:chromeOptions: {args: [--proxy-bypass-list=<-loopb..., --disable-dev-shm-usage, --window-size=1366,768], excludeSwitches: [enable-automation, load-extension], extensions: [], prefs: {credentials_enable_service: false, download.default_directory: C:\Users\dabre\Diplom_3-WEB..., plugins.always_open_pdf_externally: true, profile.default_content_setting_values.automatic_downloads: 1, profile.password_manager_enabled: false, profile.password_manager_leak_detection: false, safebrowsing.enabled: true}}, pageLoadStrategy: normal, unhandledPromptBehavior: accept}
Request method:	DELETE
Request URI:	https://stellarburgers.nomoreparties.site/api/auth/user
Proxy:			<none>
Request params:	<none>
Query params:	<none>
Form params:	<none>
Path params:	<none>
Headers:		Accept=*/*
				Content-Type=application/json
Cookies:		<none>
Multiparts:		<none>
Body:			<none>
Request method:	DELETE
Request URI:	https://stellarburgers.nomoreparties.site/api/auth/user
Proxy:			<none>
Request params:	<none>
Query params:	<none>
Form params:	<none>
Path params:	<none>
Headers:		Accept=*/*
				Content-Type=application/json
Cookies:		<none>
Multiparts:		<none>
Body:			<none>
Request method:	DELETE
Request URI:	https://stellarburgers.nomoreparties.site/api/auth/user
Proxy:			<none>
Request params:	<none>
Query params:	<none>
Form params:	<none>
Path params:	<none>
Headers:		Accept=*/*
				Content-Type=application/json
Cookies:		<none>
Multiparts:		<none>
Body:			<none>
Request method:	DELETE
Request URI:	https://stellarburgers.nomoreparties.site/api/auth/user
Proxy:			<none>
Request params:	<none>
Query params:	<none>
Form params:	<none>
Path params:	<none>
Headers:		Accept=*/*
				Content-Type=application/json
Cookies:		<none>
Multiparts:		<none>
Body:			<none>
Request method:	DELETE
Request URI:	https://stellarburgers.nomoreparties.site/api/auth/user
Proxy:			<none>
Request params:	<none>
Query params:	<none>
Form params:	<none>
Path params:	<none>
Headers:		Accept=*/*
				Content-Type=application/json
Cookies:		<none>
Multiparts:		<none>
Body:			<none>
Request method:	DELETE
Request URI:	https://stellarburgers.nomoreparties.site/api/auth/user
Proxy:			<none>
Request params:	<none>
Query params:	<none>
Form params:	<none>
Path params:	<none>
Headers:		Accept=*/*
				Content-Type=application/json
Cookies:		<none>
Multiparts:		<none>
Body:			<none>
Request method:	DELETE
Request URI:	https://stellarburgers.nomoreparties.site/api/auth/user
Proxy:			<none>
Request params:	<none>
Query params:	<none>
Form params:	<none>
Path params:	<none>
Headers:		Accept=*/*
				Content-Type=application/json
Cookies:		<none>
Multiparts:		<none>
Body:			<none>
Request method:	DELETE
Request URI:	https://stellarburgers.nomoreparties.site/api/auth/user
Proxy:			<none>
Request params:	<none>
Query params:	<none>
Form params:	<none>
Path params:	<none>
Headers:		Accept=*/*
				Content-Type=application/json
Cookies:		<none>
Multiparts:		<none>
Body:			<none>
Request method:	DELETE
Request URI:	https://stellarburgers.nomoreparties.site/api/auth/user
Proxy:			<none>
Request params:	<none>
Query params:	<none>
Form params:	<none>
Path params:	<none>
Headers:		Accept=*/*
				Content-Type=application/json
Cookies:		<none>
Multiparts:		<none>
Body:			<none>
Request method:	DELETE
Request URI:	https://stellarburgers.nomoreparties.site/api/auth/user
Proxy:			<none>
Request params:	<none>
Query params:	<none>
Form params:	<none>
Path params:	<none>
Headers:		Accept=*/*
				Content-Type=application/json
Cookies:		<none>
Multiparts:		<none>
Body:			<none>
Request method:	DELETE
Request URI:	https://stellarburgers.nomoreparties.site/api/auth/user
Proxy:			<none>
Request params:	<none>
Query params:	<none>
Form params:	<none>
Path params:	<none>
Headers:		Accept=*/*
				Content-Type=application/json
Cookies:		<none>
Multiparts:		<none>
Body:			<none>
Request method:	DELETE
Request URI:	https://stellarburgers.nomoreparties.site/api/auth/user
Proxy:			<none>
Request params:	<none>
Query params:	<none>
Form params:	<none>
Path params:	<none>
Headers:		Accept=*/*
				Content-Type=application/json
Cookies:		<none>
Multiparts:		<none>
Body:			<none>
Request method:	DELETE
Request URI:	https://stellarburgers.nomoreparties.site/api/auth/user
Proxy:			<none>
Request params:	<none>
Query params:	<none>
Form params:	<none>
Path params:	<none>
Headers:		Accept=*/*
				Content-Type=application/json
Cookies:		<none>
Multiparts:		<none>
Body:			<none>
Request method:	DELETE
Request URI:	https://stellarburgers.nomoreparties.site/api/auth/user
Proxy:			<none>
Request params:	<none>
Query params:	<none>
Form params:	<none>
Path params:	<none>
Headers:		Accept=*/*
				Content-Type=application/json
Cookies:		<none>
Multiparts:		<none>
Body:			<none>
Request method:	DELETE
Request URI:	https://stellarburgers.nomoreparties.site/api/auth/user
Proxy:			<none>
Request params:	<none>
Query params:	<none>
Form params:	<none>
Path params:	<none>
Headers:		Accept=*/*
				Content-Type=application/json
Cookies:		<none>
Multiparts:		<none>
Body:			<none>
Request method:	DELETE
Request URI:	https://stellarburgers.nomoreparties.site/api/auth/user
Proxy:			<none>
Request params:	<none>
Query params:	<none>
Form params:	<none>
Path params:	<none>
Headers:		Accept=*/*
				Content-Type=application/json
Cookies:		<none>
Multiparts:		<none>
Body:			<none>
Request method:	DELETE
Request URI:	https://stellarburgers.nomoreparties.site/api/auth/user
Proxy:			<none>
Request params:	<none>
Query params:	<none>
Form params:	<none>
Path params:	<none>
Headers:		Accept=*/*
				Content-Type=application/json
Cookies:		<none>
Multiparts:		<none>
Body:			<none>
Request method:	DELETE
Request URI:	https://stellarburgers.nomoreparties.site/api/auth/user
Proxy:			<none>
Request params:	<none>
Query params:	<none>
Form params:	<none>
Path params:	<none>
Headers:		Accept=*/*
				Content-Type=application/json
Cookies:		<none>
Multiparts:		<none>
Body:			<none>
12:48:46.767 [main] DEBUG org.apache.http.impl.conn.BasicClientConnectionManager -- Get connection for route {s}->https://stellarburgers.nomoreparties.site:443
12:48:46.767 [main] DEBUG org.apache.http.impl.conn.DefaultClientConnectionOperator -- Connecting to stellarburgers.nomoreparties.site:443
12:48:46.820 [main] DEBUG org.apache.http.client.protocol.RequestAddCookies -- CookieSpec selected: ignoreCookies
12:48:46.821 [main] DEBUG org.apache.http.client.protocol.RequestAuthCache -- Auth cache not set in the context
12:48:46.821 [main] DEBUG org.apache.http.client.protocol.RequestProxyAuthentication -- Proxy auth state: UNCHALLENGED
12:48:46.821 [main] DEBUG org.apache.http.impl.client.DefaultHttpClient -- Attempt 1 to execute request
12:48:46.821 [main] DEBUG org.apache.http.impl.conn.DefaultClientConnection -- Sending request: DELETE /api/auth/user HTTP/1.1
12:48:46.821 [main] DEBUG org.apache.http.wire --  >> "DELETE /api/auth/user HTTP/1.1[\r][\n]"
12:48:46.821 [main] DEBUG org.apache.http.wire --  >> "Content-Type: application/json[\r][\n]"
12:48:46.821 [main] DEBUG org.apache.http.wire --  >> "Authorization: Bearer eyJhbGciOiJIUzI1NiIsInR5cCI6IkpXVCJ9.eyJpZCI6IjY2NGRiZjc0OWVkMjgwMDAxYjQxNzRiZSIsImlhdCI6MTcxNjM3MTMxNiwiZXhwIjoxNzE2MzcyNTE2fQ.1gYRUtCGfKIYWUdaoMDMyhF_5UzMpUH8_V3yubGyXQk[\r][\n]"
12:48:46.821 [main] DEBUG org.apache.http.wire --  >> "Accept: */*[\r][\n]"
12:48:46.821 [main] DEBUG org.apache.http.wire --  >> "Host: stellarburgers.nomoreparties.site[\r][\n]"
12:48:46.821 [main] DEBUG org.apache.http.wire --  >> "Connection: Keep-Alive[\r][\n]"
12:48:46.821 [main] DEBUG org.apache.http.wire --  >> "User-Agent: Apache-HttpClient/4.5.13 (Java/17.0.11)[\r][\n]"
12:48:46.821 [main] DEBUG org.apache.http.wire --  >> "Accept-Encoding: gzip,deflate[\r][\n]"
12:48:46.821 [main] DEBUG org.apache.http.wire --  >> "[\r][\n]"
12:48:46.821 [main] DEBUG org.apache.http.headers -- >> DELETE /api/auth/user HTTP/1.1
12:48:46.821 [main] DEBUG org.apache.http.headers -- >> Content-Type: application/json
12:48:46.821 [main] DEBUG org.apache.http.headers -- >> Authorization: Bearer eyJhbGciOiJIUzI1NiIsInR5cCI6IkpXVCJ9.eyJpZCI6IjY2NGRiZjc0OWVkMjgwMDAxYjQxNzRiZSIsImlhdCI6MTcxNjM3MTMxNiwiZXhwIjoxNzE2MzcyNTE2fQ.1gYRUtCGfKIYWUdaoMDMyhF_5UzMpUH8_V3yubGyXQk
12:48:46.821 [main] DEBUG org.apache.http.headers -- >> Accept: */*
12:48:46.821 [main] DEBUG org.apache.http.headers -- >> Host: stellarburgers.nomoreparties.site
12:48:46.821 [main] DEBUG org.apache.http.headers -- >> Connection: Keep-Alive
12:48:46.821 [main] DEBUG org.apache.http.headers -- >> User-Agent: Apache-HttpClient/4.5.13 (Java/17.0.11)
12:48:46.821 [main] DEBUG org.apache.http.headers -- >> Accept-Encoding: gzip,deflate
12:48:46.862 [main] DEBUG org.apache.http.wire --  << "HTTP/1.1 404 Not Found[\r][\n]"
12:48:46.863 [main] DEBUG org.apache.http.wire --  << "Date: Wed, 22 May 2024 09:48:47 GMT[\r][\n]"
12:48:46.863 [main] DEBUG org.apache.http.wire --  << "Content-Type: application/json; charset=utf-8[\r][\n]"
12:48:46.863 [main] DEBUG org.apache.http.wire --  << "Content-Length: 44[\r][\n]"
12:48:46.863 [main] DEBUG org.apache.http.wire --  << "Connection: keep-alive[\r][\n]"
12:48:46.863 [main] DEBUG org.apache.http.wire --  << "X-Powered-By: Express[\r][\n]"
12:48:46.863 [main] DEBUG org.apache.http.wire --  << "Access-Control-Allow-Origin: *[\r][\n]"
12:48:46.863 [main] DEBUG org.apache.http.wire --  << "ETag: W/"2c-EAnCIFy1uGovyo/FU6KYwnjLgrc"[\r][\n]"
12:48:46.863 [main] DEBUG org.apache.http.wire --  << "CF-Cache-Status: DYNAMIC[\r][\n]"
12:48:46.863 [main] DEBUG org.apache.http.wire --  << "Report-To: {"endpoints":[{"url":"https:\/\/a.nel.cloudflare.com\/report\/v4?s=iUI7%2F78sz12gjHWKgBMSZbyqXLygDY4c4KCaTQCZiS2%2F5dNy8j81es3YyCX5f2cDWeqMKhu%2FAq4%2FMKek%2FVAXG8JUJjRU0gJQ9UmwwBmijuA8HHq%2BVQwei88OLTrzoicOXxY2bQRklxB8ZMuhkbg5Aoe5kYE%3D"}],"group":"cf-nel","max_age":604800}[\r][\n]"
12:48:46.863 [main] DEBUG org.apache.http.wire --  << "NEL: {"success_fraction":0,"report_to":"cf-nel","max_age":604800}[\r][\n]"
12:48:46.863 [main] DEBUG org.apache.http.wire --  << "Server: cloudflare[\r][\n]"
12:48:46.863 [main] DEBUG org.apache.http.wire --  << "CF-RAY: 887be47c5c219d59-DME[\r][\n]"
12:48:46.863 [main] DEBUG org.apache.http.wire --  << "alt-svc: h3=":443"; ma=86400[\r][\n]"
12:48:46.863 [main] DEBUG org.apache.http.wire --  << "[\r][\n]"
12:48:46.863 [main] DEBUG org.apache.http.impl.conn.DefaultClientConnection -- Receiving response: HTTP/1.1 404 Not Found
12:48:46.863 [main] DEBUG org.apache.http.headers -- << HTTP/1.1 404 Not Found
12:48:46.863 [main] DEBUG org.apache.http.headers -- << Date: Wed, 22 May 2024 09:48:47 GMT
12:48:46.863 [main] DEBUG org.apache.http.headers -- << Content-Type: application/json; charset=utf-8
12:48:46.863 [main] DEBUG org.apache.http.headers -- << Content-Length: 44
12:48:46.863 [main] DEBUG org.apache.http.headers -- << Connection: keep-alive
12:48:46.863 [main] DEBUG org.apache.http.headers -- << X-Powered-By: Express
12:48:46.863 [main] DEBUG org.apache.http.headers -- << Access-Control-Allow-Origin: *
12:48:46.863 [main] DEBUG org.apache.http.headers -- << ETag: W/"2c-EAnCIFy1uGovyo/FU6KYwnjLgrc"
12:48:46.863 [main] DEBUG org.apache.http.headers -- << CF-Cache-Status: DYNAMIC
12:48:46.863 [main] DEBUG org.apache.http.headers -- << Report-To: {"endpoints":[{"url":"https:\/\/a.nel.cloudflare.com\/report\/v4?s=iUI7%2F78sz12gjHWKgBMSZbyqXLygDY4c4KCaTQCZiS2%2F5dNy8j81es3YyCX5f2cDWeqMKhu%2FAq4%2FMKek%2FVAXG8JUJjRU0gJQ9UmwwBmijuA8HHq%2BVQwei88OLTrzoicOXxY2bQRklxB8ZMuhkbg5Aoe5kYE%3D"}],"group":"cf-nel","max_age":604800}
12:48:46.863 [main] DEBUG org.apache.http.headers -- << NEL: {"success_fraction":0,"report_to":"cf-nel","max_age":604800}
12:48:46.863 [main] DEBUG org.apache.http.headers -- << Server: cloudflare
12:48:46.863 [main] DEBUG org.apache.http.headers -- << CF-RAY: 887be47c5c219d59-DME
12:48:46.863 [main] DEBUG org.apache.http.headers -- << alt-svc: h3=":443"; ma=86400
12:48:46.863 [main] DEBUG org.apache.http.impl.client.DefaultHttpClient -- Connection can be kept alive indefinitely
12:48:46.863 [main] DEBUG io.restassured.internal.RequestSpecificationImpl$RestAssuredHttpBuilder -- Parsing response as: application/json; charset=utf-8
12:48:46.863 [main] DEBUG io.restassured.internal.RequestSpecificationImpl$RestAssuredHttpBuilder -- Parsed data to instance of: class org.apache.http.conn.EofSensorInputStream
12:48:46.864 [main] DEBUG org.apache.http.wire --  << "{"success":false,"message":"User not found"}"
12:48:46.864 [main] DEBUG org.apache.http.impl.conn.BasicClientConnectionManager -- Releasing connection org.apache.http.impl.conn.ManagedClientConnectionImpl@767f03c5
12:48:46.864 [main] DEBUG org.apache.http.impl.conn.BasicClientConnectionManager -- Connection can be kept alive indefinitely
HTTP/1.1 404 Not Found
Date: Wed, 22 May 2024 09:48:47 GMT
Content-Type: application/json; charset=utf-8
Content-Length: 44
Connection: keep-alive
X-Powered-By: Express
Access-Control-Allow-Origin: *
ETag: W/"2c-EAnCIFy1uGovyo/FU6KYwnjLgrc"
CF-Cache-Status: DYNAMIC
Report-To: {"endpoints":[{"url":"https:\/\/a.nel.cloudflare.com\/report\/v4?s=iUI7%2F78sz12gjHWKgBMSZbyqXLygDY4c4KCaTQCZiS2%2F5dNy8j81es3YyCX5f2cDWeqMKhu%2FAq4%2FMKek%2FVAXG8JUJjRU0gJQ9UmwwBmijuA8HHq%2BVQwei88OLTrzoicOXxY2bQRklxB8ZMuhkbg5Aoe5kYE%3D"}],"group":"cf-nel","max_age":604800}
NEL: {"success_fraction":0,"report_to":"cf-nel","max_age":604800}
Server: cloudflare
CF-RAY: 887be47c5c219d59-DME
alt-svc: h3=":443"; ma=86400

{
    "success": false,
    "message": "User not found"
}
HTTP/1.1 404 Not Found
Date: Wed, 22 May 2024 09:48:47 GMT
Content-Type: application/json; charset=utf-8
Content-Length: 44
Connection: keep-alive
X-Powered-By: Express
Access-Control-Allow-Origin: *
ETag: W/"2c-EAnCIFy1uGovyo/FU6KYwnjLgrc"
CF-Cache-Status: DYNAMIC
Report-To: {"endpoints":[{"url":"https:\/\/a.nel.cloudflare.com\/report\/v4?s=iUI7%2F78sz12gjHWKgBMSZbyqXLygDY4c4KCaTQCZiS2%2F5dNy8j81es3YyCX5f2cDWeqMKhu%2FAq4%2FMKek%2FVAXG8JUJjRU0gJQ9UmwwBmijuA8HHq%2BVQwei88OLTrzoicOXxY2bQRklxB8ZMuhkbg5Aoe5kYE%3D"}],"group":"cf-nel","max_age":604800}
NEL: {"success_fraction":0,"report_to":"cf-nel","max_age":604800}
Server: cloudflare
CF-RAY: 887be47c5c219d59-DME
alt-svc: h3=":443"; ma=86400

{
    "success": false,
    "message": "User not found"
}
HTTP/1.1 404 Not Found
Date: Wed, 22 May 2024 09:48:47 GMT
Content-Type: application/json; charset=utf-8
Content-Length: 44
Connection: keep-alive
X-Powered-By: Express
Access-Control-Allow-Origin: *
ETag: W/"2c-EAnCIFy1uGovyo/FU6KYwnjLgrc"
CF-Cache-Status: DYNAMIC
Report-To: {"endpoints":[{"url":"https:\/\/a.nel.cloudflare.com\/report\/v4?s=iUI7%2F78sz12gjHWKgBMSZbyqXLygDY4c4KCaTQCZiS2%2F5dNy8j81es3YyCX5f2cDWeqMKhu%2FAq4%2FMKek%2FVAXG8JUJjRU0gJQ9UmwwBmijuA8HHq%2BVQwei88OLTrzoicOXxY2bQRklxB8ZMuhkbg5Aoe5kYE%3D"}],"group":"cf-nel","max_age":604800}
NEL: {"success_fraction":0,"report_to":"cf-nel","max_age":604800}
Server: cloudflare
CF-RAY: 887be47c5c219d59-DME
alt-svc: h3=":443"; ma=86400

{
    "success": false,
    "message": "User not found"
}
HTTP/1.1 404 Not Found
Date: Wed, 22 May 2024 09:48:47 GMT
Content-Type: application/json; charset=utf-8
Content-Length: 44
Connection: keep-alive
X-Powered-By: Express
Access-Control-Allow-Origin: *
ETag: W/"2c-EAnCIFy1uGovyo/FU6KYwnjLgrc"
CF-Cache-Status: DYNAMIC
Report-To: {"endpoints":[{"url":"https:\/\/a.nel.cloudflare.com\/report\/v4?s=iUI7%2F78sz12gjHWKgBMSZbyqXLygDY4c4KCaTQCZiS2%2F5dNy8j81es3YyCX5f2cDWeqMKhu%2FAq4%2FMKek%2FVAXG8JUJjRU0gJQ9UmwwBmijuA8HHq%2BVQwei88OLTrzoicOXxY2bQRklxB8ZMuhkbg5Aoe5kYE%3D"}],"group":"cf-nel","max_age":604800}
NEL: {"success_fraction":0,"report_to":"cf-nel","max_age":604800}
Server: cloudflare
CF-RAY: 887be47c5c219d59-DME
alt-svc: h3=":443"; ma=86400

{
    "success": false,
    "message": "User not found"
}
HTTP/1.1 404 Not Found
Date: Wed, 22 May 2024 09:48:47 GMT
Content-Type: application/json; charset=utf-8
Content-Length: 44
Connection: keep-alive
X-Powered-By: Express
Access-Control-Allow-Origin: *
ETag: W/"2c-EAnCIFy1uGovyo/FU6KYwnjLgrc"
CF-Cache-Status: DYNAMIC
Report-To: {"endpoints":[{"url":"https:\/\/a.nel.cloudflare.com\/report\/v4?s=iUI7%2F78sz12gjHWKgBMSZbyqXLygDY4c4KCaTQCZiS2%2F5dNy8j81es3YyCX5f2cDWeqMKhu%2FAq4%2FMKek%2FVAXG8JUJjRU0gJQ9UmwwBmijuA8HHq%2BVQwei88OLTrzoicOXxY2bQRklxB8ZMuhkbg5Aoe5kYE%3D"}],"group":"cf-nel","max_age":604800}
NEL: {"success_fraction":0,"report_to":"cf-nel","max_age":604800}
Server: cloudflare
CF-RAY: 887be47c5c219d59-DME
alt-svc: h3=":443"; ma=86400

{
    "success": false,
    "message": "User not found"
}
HTTP/1.1 404 Not Found
Date: Wed, 22 May 2024 09:48:47 GMT
Content-Type: application/json; charset=utf-8
Content-Length: 44
Connection: keep-alive
X-Powered-By: Express
Access-Control-Allow-Origin: *
ETag: W/"2c-EAnCIFy1uGovyo/FU6KYwnjLgrc"
CF-Cache-Status: DYNAMIC
Report-To: {"endpoints":[{"url":"https:\/\/a.nel.cloudflare.com\/report\/v4?s=iUI7%2F78sz12gjHWKgBMSZbyqXLygDY4c4KCaTQCZiS2%2F5dNy8j81es3YyCX5f2cDWeqMKhu%2FAq4%2FMKek%2FVAXG8JUJjRU0gJQ9UmwwBmijuA8HHq%2BVQwei88OLTrzoicOXxY2bQRklxB8ZMuhkbg5Aoe5kYE%3D"}],"group":"cf-nel","max_age":604800}
NEL: {"success_fraction":0,"report_to":"cf-nel","max_age":604800}
Server: cloudflare
CF-RAY: 887be47c5c219d59-DME
alt-svc: h3=":443"; ma=86400

{
    "success": false,
    "message": "User not found"
}
HTTP/1.1 404 Not Found
Date: Wed, 22 May 2024 09:48:47 GMT
Content-Type: application/json; charset=utf-8
Content-Length: 44
Connection: keep-alive
X-Powered-By: Express
Access-Control-Allow-Origin: *
ETag: W/"2c-EAnCIFy1uGovyo/FU6KYwnjLgrc"
CF-Cache-Status: DYNAMIC
Report-To: {"endpoints":[{"url":"https:\/\/a.nel.cloudflare.com\/report\/v4?s=iUI7%2F78sz12gjHWKgBMSZbyqXLygDY4c4KCaTQCZiS2%2F5dNy8j81es3YyCX5f2cDWeqMKhu%2FAq4%2FMKek%2FVAXG8JUJjRU0gJQ9UmwwBmijuA8HHq%2BVQwei88OLTrzoicOXxY2bQRklxB8ZMuhkbg5Aoe5kYE%3D"}],"group":"cf-nel","max_age":604800}
NEL: {"success_fraction":0,"report_to":"cf-nel","max_age":604800}
Server: cloudflare
CF-RAY: 887be47c5c219d59-DME
alt-svc: h3=":443"; ma=86400

{
    "success": false,
    "message": "User not found"
}
HTTP/1.1 404 Not Found
Date: Wed, 22 May 2024 09:48:47 GMT
Content-Type: application/json; charset=utf-8
Content-Length: 44
Connection: keep-alive
X-Powered-By: Express
Access-Control-Allow-Origin: *
ETag: W/"2c-EAnCIFy1uGovyo/FU6KYwnjLgrc"
CF-Cache-Status: DYNAMIC
Report-To: {"endpoints":[{"url":"https:\/\/a.nel.cloudflare.com\/report\/v4?s=iUI7%2F78sz12gjHWKgBMSZbyqXLygDY4c4KCaTQCZiS2%2F5dNy8j81es3YyCX5f2cDWeqMKhu%2FAq4%2FMKek%2FVAXG8JUJjRU0gJQ9UmwwBmijuA8HHq%2BVQwei88OLTrzoicOXxY2bQRklxB8ZMuhkbg5Aoe5kYE%3D"}],"group":"cf-nel","max_age":604800}
NEL: {"success_fraction":0,"report_to":"cf-nel","max_age":604800}
Server: cloudflare
CF-RAY: 887be47c5c219d59-DME
alt-svc: h3=":443"; ma=86400

{
    "success": false,
    "message": "User not found"
}
HTTP/1.1 404 Not Found
Date: Wed, 22 May 2024 09:48:47 GMT
Content-Type: application/json; charset=utf-8
Content-Length: 44
Connection: keep-alive
X-Powered-By: Express
Access-Control-Allow-Origin: *
ETag: W/"2c-EAnCIFy1uGovyo/FU6KYwnjLgrc"
CF-Cache-Status: DYNAMIC
Report-To: {"endpoints":[{"url":"https:\/\/a.nel.cloudflare.com\/report\/v4?s=iUI7%2F78sz12gjHWKgBMSZbyqXLygDY4c4KCaTQCZiS2%2F5dNy8j81es3YyCX5f2cDWeqMKhu%2FAq4%2FMKek%2FVAXG8JUJjRU0gJQ9UmwwBmijuA8HHq%2BVQwei88OLTrzoicOXxY2bQRklxB8ZMuhkbg5Aoe5kYE%3D"}],"group":"cf-nel","max_age":604800}
NEL: {"success_fraction":0,"report_to":"cf-nel","max_age":604800}
Server: cloudflare
CF-RAY: 887be47c5c219d59-DME
alt-svc: h3=":443"; ma=86400

{
    "success": false,
    "message": "User not found"
}
HTTP/1.1 404 Not Found
Date: Wed, 22 May 2024 09:48:47 GMT
Content-Type: application/json; charset=utf-8
Content-Length: 44
Connection: keep-alive
X-Powered-By: Express
Access-Control-Allow-Origin: *
ETag: W/"2c-EAnCIFy1uGovyo/FU6KYwnjLgrc"
CF-Cache-Status: DYNAMIC
Report-To: {"endpoints":[{"url":"https:\/\/a.nel.cloudflare.com\/report\/v4?s=iUI7%2F78sz12gjHWKgBMSZbyqXLygDY4c4KCaTQCZiS2%2F5dNy8j81es3YyCX5f2cDWeqMKhu%2FAq4%2FMKek%2FVAXG8JUJjRU0gJQ9UmwwBmijuA8HHq%2BVQwei88OLTrzoicOXxY2bQRklxB8ZMuhkbg5Aoe5kYE%3D"}],"group":"cf-nel","max_age":604800}
NEL: {"success_fraction":0,"report_to":"cf-nel","max_age":604800}
Server: cloudflare
CF-RAY: 887be47c5c219d59-DME
alt-svc: h3=":443"; ma=86400

{
    "success": false,
    "message": "User not found"
}
HTTP/1.1 404 Not Found
Date: Wed, 22 May 2024 09:48:47 GMT
Content-Type: application/json; charset=utf-8
Content-Length: 44
Connection: keep-alive
X-Powered-By: Express
Access-Control-Allow-Origin: *
ETag: W/"2c-EAnCIFy1uGovyo/FU6KYwnjLgrc"
CF-Cache-Status: DYNAMIC
Report-To: {"endpoints":[{"url":"https:\/\/a.nel.cloudflare.com\/report\/v4?s=iUI7%2F78sz12gjHWKgBMSZbyqXLygDY4c4KCaTQCZiS2%2F5dNy8j81es3YyCX5f2cDWeqMKhu%2FAq4%2FMKek%2FVAXG8JUJjRU0gJQ9UmwwBmijuA8HHq%2BVQwei88OLTrzoicOXxY2bQRklxB8ZMuhkbg5Aoe5kYE%3D"}],"group":"cf-nel","max_age":604800}
NEL: {"success_fraction":0,"report_to":"cf-nel","max_age":604800}
Server: cloudflare
CF-RAY: 887be47c5c219d59-DME
alt-svc: h3=":443"; ma=86400

{
    "success": false,
    "message": "User not found"
}
HTTP/1.1 404 Not Found
Date: Wed, 22 May 2024 09:48:47 GMT
Content-Type: application/json; charset=utf-8
Content-Length: 44
Connection: keep-alive
X-Powered-By: Express
Access-Control-Allow-Origin: *
ETag: W/"2c-EAnCIFy1uGovyo/FU6KYwnjLgrc"
CF-Cache-Status: DYNAMIC
Report-To: {"endpoints":[{"url":"https:\/\/a.nel.cloudflare.com\/report\/v4?s=iUI7%2F78sz12gjHWKgBMSZbyqXLygDY4c4KCaTQCZiS2%2F5dNy8j81es3YyCX5f2cDWeqMKhu%2FAq4%2FMKek%2FVAXG8JUJjRU0gJQ9UmwwBmijuA8HHq%2BVQwei88OLTrzoicOXxY2bQRklxB8ZMuhkbg5Aoe5kYE%3D"}],"group":"cf-nel","max_age":604800}
NEL: {"success_fraction":0,"report_to":"cf-nel","max_age":604800}
Server: cloudflare
CF-RAY: 887be47c5c219d59-DME
alt-svc: h3=":443"; ma=86400

{
    "success": false,
    "message": "User not found"
}
HTTP/1.1 404 Not Found
Date: Wed, 22 May 2024 09:48:47 GMT
Content-Type: application/json; charset=utf-8
Content-Length: 44
Connection: keep-alive
X-Powered-By: Express
Access-Control-Allow-Origin: *
ETag: W/"2c-EAnCIFy1uGovyo/FU6KYwnjLgrc"
CF-Cache-Status: DYNAMIC
Report-To: {"endpoints":[{"url":"https:\/\/a.nel.cloudflare.com\/report\/v4?s=iUI7%2F78sz12gjHWKgBMSZbyqXLygDY4c4KCaTQCZiS2%2F5dNy8j81es3YyCX5f2cDWeqMKhu%2FAq4%2FMKek%2FVAXG8JUJjRU0gJQ9UmwwBmijuA8HHq%2BVQwei88OLTrzoicOXxY2bQRklxB8ZMuhkbg5Aoe5kYE%3D"}],"group":"cf-nel","max_age":604800}
NEL: {"success_fraction":0,"report_to":"cf-nel","max_age":604800}
Server: cloudflare
CF-RAY: 887be47c5c219d59-DME
alt-svc: h3=":443"; ma=86400

{
    "success": false,
    "message": "User not found"
}
HTTP/1.1 404 Not Found
Date: Wed, 22 May 2024 09:48:47 GMT
Content-Type: application/json; charset=utf-8
Content-Length: 44
Connection: keep-alive
X-Powered-By: Express
Access-Control-Allow-Origin: *
ETag: W/"2c-EAnCIFy1uGovyo/FU6KYwnjLgrc"
CF-Cache-Status: DYNAMIC
Report-To: {"endpoints":[{"url":"https:\/\/a.nel.cloudflare.com\/report\/v4?s=iUI7%2F78sz12gjHWKgBMSZbyqXLygDY4c4KCaTQCZiS2%2F5dNy8j81es3YyCX5f2cDWeqMKhu%2FAq4%2FMKek%2FVAXG8JUJjRU0gJQ9UmwwBmijuA8HHq%2BVQwei88OLTrzoicOXxY2bQRklxB8ZMuhkbg5Aoe5kYE%3D"}],"group":"cf-nel","max_age":604800}
NEL: {"success_fraction":0,"report_to":"cf-nel","max_age":604800}
Server: cloudflare
CF-RAY: 887be47c5c219d59-DME
alt-svc: h3=":443"; ma=86400

{
    "success": false,
    "message": "User not found"
}
HTTP/1.1 404 Not Found
Date: Wed, 22 May 2024 09:48:47 GMT
Content-Type: application/json; charset=utf-8
Content-Length: 44
Connection: keep-alive
X-Powered-By: Express
Access-Control-Allow-Origin: *
ETag: W/"2c-EAnCIFy1uGovyo/FU6KYwnjLgrc"
CF-Cache-Status: DYNAMIC
Report-To: {"endpoints":[{"url":"https:\/\/a.nel.cloudflare.com\/report\/v4?s=iUI7%2F78sz12gjHWKgBMSZbyqXLygDY4c4KCaTQCZiS2%2F5dNy8j81es3YyCX5f2cDWeqMKhu%2FAq4%2FMKek%2FVAXG8JUJjRU0gJQ9UmwwBmijuA8HHq%2BVQwei88OLTrzoicOXxY2bQRklxB8ZMuhkbg5Aoe5kYE%3D"}],"group":"cf-nel","max_age":604800}
NEL: {"success_fraction":0,"report_to":"cf-nel","max_age":604800}
Server: cloudflare
CF-RAY: 887be47c5c219d59-DME
alt-svc: h3=":443"; ma=86400

{
    "success": false,
    "message": "User not found"
}
HTTP/1.1 404 Not Found
Date: Wed, 22 May 2024 09:48:47 GMT
Content-Type: application/json; charset=utf-8
Content-Length: 44
Connection: keep-alive
X-Powered-By: Express
Access-Control-Allow-Origin: *
ETag: W/"2c-EAnCIFy1uGovyo/FU6KYwnjLgrc"
CF-Cache-Status: DYNAMIC
Report-To: {"endpoints":[{"url":"https:\/\/a.nel.cloudflare.com\/report\/v4?s=iUI7%2F78sz12gjHWKgBMSZbyqXLygDY4c4KCaTQCZiS2%2F5dNy8j81es3YyCX5f2cDWeqMKhu%2FAq4%2FMKek%2FVAXG8JUJjRU0gJQ9UmwwBmijuA8HHq%2BVQwei88OLTrzoicOXxY2bQRklxB8ZMuhkbg5Aoe5kYE%3D"}],"group":"cf-nel","max_age":604800}
NEL: {"success_fraction":0,"report_to":"cf-nel","max_age":604800}
Server: cloudflare
CF-RAY: 887be47c5c219d59-DME
alt-svc: h3=":443"; ma=86400

{
    "success": false,
    "message": "User not found"
}
HTTP/1.1 404 Not Found
Date: Wed, 22 May 2024 09:48:47 GMT
Content-Type: application/json; charset=utf-8
Content-Length: 44
Connection: keep-alive
X-Powered-By: Express
Access-Control-Allow-Origin: *
ETag: W/"2c-EAnCIFy1uGovyo/FU6KYwnjLgrc"
CF-Cache-Status: DYNAMIC
Report-To: {"endpoints":[{"url":"https:\/\/a.nel.cloudflare.com\/report\/v4?s=iUI7%2F78sz12gjHWKgBMSZbyqXLygDY4c4KCaTQCZiS2%2F5dNy8j81es3YyCX5f2cDWeqMKhu%2FAq4%2FMKek%2FVAXG8JUJjRU0gJQ9UmwwBmijuA8HHq%2BVQwei88OLTrzoicOXxY2bQRklxB8ZMuhkbg5Aoe5kYE%3D"}],"group":"cf-nel","max_age":604800}
NEL: {"success_fraction":0,"report_to":"cf-nel","max_age":604800}
Server: cloudflare
CF-RAY: 887be47c5c219d59-DME
alt-svc: h3=":443"; ma=86400

{
    "success": false,
    "message": "User not found"
}
HTTP/1.1 404 Not Found
Date: Wed, 22 May 2024 09:48:47 GMT
Content-Type: application/json; charset=utf-8
Content-Length: 44
Connection: keep-alive
X-Powered-By: Express
Access-Control-Allow-Origin: *
ETag: W/"2c-EAnCIFy1uGovyo/FU6KYwnjLgrc"
CF-Cache-Status: DYNAMIC
Report-To: {"endpoints":[{"url":"https:\/\/a.nel.cloudflare.com\/report\/v4?s=iUI7%2F78sz12gjHWKgBMSZbyqXLygDY4c4KCaTQCZiS2%2F5dNy8j81es3YyCX5f2cDWeqMKhu%2FAq4%2FMKek%2FVAXG8JUJjRU0gJQ9UmwwBmijuA8HHq%2BVQwei88OLTrzoicOXxY2bQRklxB8ZMuhkbg5Aoe5kYE%3D"}],"group":"cf-nel","max_age":604800}
NEL: {"success_fraction":0,"report_to":"cf-nel","max_age":604800}
Server: cloudflare
CF-RAY: 887be47c5c219d59-DME
alt-svc: h3=":443"; ma=86400

{
    "success": false,
    "message": "User not found"
}
]]></system-out>
  </testcase>
  <testcase name="testClickFillingInConstructor" classname="site.nomoreparties.stellarburgers.YandexTests.ConstructorYandexTest" time="0.112">
    <failure message="1 expectation failed.&#10;Expected status code &lt;202&gt; but was &lt;404&gt;.&#10;" type="java.lang.AssertionError"><![CDATA[java.lang.AssertionError: 
1 expectation failed.
Expected status code <202> but was <404>.

	at site.nomoreparties.stellarburgers.YandexTests.ConstructorYandexTest.tearDown(ConstructorYandexTest.java:39)
]]></failure>
  </testcase>
  <testcase name="testClickBunInConstructor" classname="site.nomoreparties.stellarburgers.YandexTests.ConstructorYandexTest" time="0.168">
    <error message="Unable to obtain: chromedriver, error chromedriver must exist: C:\Users\dabre\Diplom_3-WEB-Tests\src\resources\yandexdriver.exe&#10;For documentation on this error, please visit: https://www.selenium.dev/documentation/webdriver/troubleshooting/errors/driver_location/&#10;Build info: version: &apos;4.20.0&apos;, revision: &apos;866c76ca80&apos;&#10;System info: os.name: &apos;Windows 10&apos;, os.arch: &apos;amd64&apos;, os.version: &apos;10.0&apos;, java.version: &apos;17.0.11&apos;&#10;Driver info: driver.version: SelenideDriver&#10;selenide.url: https://stellarburgers.nomoreparties.site/&#10;selenide.baseUrl: http://localhost:8080" type="org.openqa.selenium.remote.NoSuchDriverException">org.openqa.selenium.remote.NoSuchDriverException: 
Unable to obtain: chromedriver, error chromedriver must exist: C:\Users\dabre\Diplom_3-WEB-Tests\src\resources\yandexdriver.exe
For documentation on this error, please visit: https://www.selenium.dev/documentation/webdriver/troubleshooting/errors/driver_location/
Build info: version: '4.20.0', revision: '866c76ca80'
System info: os.name: 'Windows 10', os.arch: 'amd64', os.version: '10.0', java.version: '17.0.11'
Driver info: driver.version: SelenideDriver
selenide.url: https://stellarburgers.nomoreparties.site/
selenide.baseUrl: http://localhost:8080
	at site.nomoreparties.stellarburgers.YandexTests.ConstructorYandexTest.setUp(ConstructorYandexTest.java:30)
Caused by: java.lang.IllegalStateException: chromedriver must exist: C:\Users\dabre\Diplom_3-WEB-Tests\src\resources\yandexdriver.exe
	at site.nomoreparties.stellarburgers.YandexTests.ConstructorYandexTest.setUp(ConstructorYandexTest.java:30)
</error>
    <system-out><![CDATA[12:48:46.870 [main] INFO com.codeborne.selenide.impl.WebDriverThreadLocalContainer -- No webdriver is bound to current thread: 1 - let's create a new webdriver
12:48:46.870 [main] DEBUG com.codeborne.selenide.drivercommands.CreateDriverCommand -- Creating webdriver in thread 1 (ip: 192.168.1.67, host: DESKTOP-7H9UBQR)...
12:48:46.870 [main] INFO com.codeborne.selenide.impl.FileHelper -- Creating folder: C:\Users\dabre\Diplom_3-WEB-Tests\build\downloads\1716371326870_19268_1
12:48:46.871 [main] DEBUG com.codeborne.selenide.webdriver.WebDriverFactory -- browser=chrome
12:48:46.871 [main] DEBUG com.codeborne.selenide.webdriver.WebDriverFactory -- browser.version=null
12:48:46.871 [main] DEBUG com.codeborne.selenide.webdriver.WebDriverFactory -- remote=null
12:48:46.871 [main] DEBUG com.codeborne.selenide.webdriver.WebDriverFactory -- browserSize=1366x768
12:48:46.871 [main] DEBUG com.codeborne.selenide.webdriver.WebDriverFactory -- downloadsFolder=C:\Users\dabre\Diplom_3-WEB-Tests\build\downloads\1716371326870_19268_1
12:48:46.871 [main] DEBUG com.codeborne.selenide.webdriver.AbstractChromiumDriverFactory -- Using chromium preferences: {credentials_enable_service=false, safebrowsing.enabled=true, plugins.always_open_pdf_externally=true, profile.default_content_setting_values.automatic_downloads=1, profile.password_manager_enabled=false, profile.password_manager_leak_detection=false, download.default_directory=C:\Users\dabre\Diplom_3-WEB-Tests\build\downloads\1716371326870_19268_1}
12:48:46.871 [main] DEBUG com.codeborne.selenide.webdriver.ChromeDriverFactory -- Chrome options: Capabilities {acceptInsecureCerts: true, browserName: chrome, goog:chromeOptions: {args: [--proxy-bypass-list=<-loopb..., --disable-dev-shm-usage, --window-size=1366,768], excludeSwitches: [enable-automation, load-extension], extensions: [], prefs: {credentials_enable_service: false, download.default_directory: C:\Users\dabre\Diplom_3-WEB..., plugins.always_open_pdf_externally: true, profile.default_content_setting_values.automatic_downloads: 1, profile.password_manager_enabled: false, profile.password_manager_leak_detection: false, safebrowsing.enabled: true}}, pageLoadStrategy: normal, unhandledPromptBehavior: accept}
Request method:	DELETE
Request URI:	https://stellarburgers.nomoreparties.site/api/auth/user
Proxy:			<none>
Request params:	<none>
Query params:	<none>
Form params:	<none>
Path params:	<none>
Headers:		Accept=*/*
				Content-Type=application/json
Cookies:		<none>
Multiparts:		<none>
Body:			<none>
Request method:	DELETE
Request URI:	https://stellarburgers.nomoreparties.site/api/auth/user
Proxy:			<none>
Request params:	<none>
Query params:	<none>
Form params:	<none>
Path params:	<none>
Headers:		Accept=*/*
				Content-Type=application/json
Cookies:		<none>
Multiparts:		<none>
Body:			<none>
Request method:	DELETE
Request URI:	https://stellarburgers.nomoreparties.site/api/auth/user
Proxy:			<none>
Request params:	<none>
Query params:	<none>
Form params:	<none>
Path params:	<none>
Headers:		Accept=*/*
				Content-Type=application/json
Cookies:		<none>
Multiparts:		<none>
Body:			<none>
Request method:	DELETE
Request URI:	https://stellarburgers.nomoreparties.site/api/auth/user
Proxy:			<none>
Request params:	<none>
Query params:	<none>
Form params:	<none>
Path params:	<none>
Headers:		Accept=*/*
				Content-Type=application/json
Cookies:		<none>
Multiparts:		<none>
Body:			<none>
Request method:	DELETE
Request URI:	https://stellarburgers.nomoreparties.site/api/auth/user
Proxy:			<none>
Request params:	<none>
Query params:	<none>
Form params:	<none>
Path params:	<none>
Headers:		Accept=*/*
				Content-Type=application/json
Cookies:		<none>
Multiparts:		<none>
Body:			<none>
Request method:	DELETE
Request URI:	https://stellarburgers.nomoreparties.site/api/auth/user
Proxy:			<none>
Request params:	<none>
Query params:	<none>
Form params:	<none>
Path params:	<none>
Headers:		Accept=*/*
				Content-Type=application/json
Cookies:		<none>
Multiparts:		<none>
Body:			<none>
Request method:	DELETE
Request URI:	https://stellarburgers.nomoreparties.site/api/auth/user
Proxy:			<none>
Request params:	<none>
Query params:	<none>
Form params:	<none>
Path params:	<none>
Headers:		Accept=*/*
				Content-Type=application/json
Cookies:		<none>
Multiparts:		<none>
Body:			<none>
Request method:	DELETE
Request URI:	https://stellarburgers.nomoreparties.site/api/auth/user
Proxy:			<none>
Request params:	<none>
Query params:	<none>
Form params:	<none>
Path params:	<none>
Headers:		Accept=*/*
				Content-Type=application/json
Cookies:		<none>
Multiparts:		<none>
Body:			<none>
Request method:	DELETE
Request URI:	https://stellarburgers.nomoreparties.site/api/auth/user
Proxy:			<none>
Request params:	<none>
Query params:	<none>
Form params:	<none>
Path params:	<none>
Headers:		Accept=*/*
				Content-Type=application/json
Cookies:		<none>
Multiparts:		<none>
Body:			<none>
Request method:	DELETE
Request URI:	https://stellarburgers.nomoreparties.site/api/auth/user
Proxy:			<none>
Request params:	<none>
Query params:	<none>
Form params:	<none>
Path params:	<none>
Headers:		Accept=*/*
				Content-Type=application/json
Cookies:		<none>
Multiparts:		<none>
Body:			<none>
Request method:	DELETE
Request URI:	https://stellarburgers.nomoreparties.site/api/auth/user
Proxy:			<none>
Request params:	<none>
Query params:	<none>
Form params:	<none>
Path params:	<none>
Headers:		Accept=*/*
				Content-Type=application/json
Cookies:		<none>
Multiparts:		<none>
Body:			<none>
Request method:	DELETE
Request URI:	https://stellarburgers.nomoreparties.site/api/auth/user
Proxy:			<none>
Request params:	<none>
Query params:	<none>
Form params:	<none>
Path params:	<none>
Headers:		Accept=*/*
				Content-Type=application/json
Cookies:		<none>
Multiparts:		<none>
Body:			<none>
Request method:	DELETE
Request URI:	https://stellarburgers.nomoreparties.site/api/auth/user
Proxy:			<none>
Request params:	<none>
Query params:	<none>
Form params:	<none>
Path params:	<none>
Headers:		Accept=*/*
				Content-Type=application/json
Cookies:		<none>
Multiparts:		<none>
Body:			<none>
Request method:	DELETE
Request URI:	https://stellarburgers.nomoreparties.site/api/auth/user
Proxy:			<none>
Request params:	<none>
Query params:	<none>
Form params:	<none>
Path params:	<none>
Headers:		Accept=*/*
				Content-Type=application/json
Cookies:		<none>
Multiparts:		<none>
Body:			<none>
Request method:	DELETE
Request URI:	https://stellarburgers.nomoreparties.site/api/auth/user
Proxy:			<none>
Request params:	<none>
Query params:	<none>
Form params:	<none>
Path params:	<none>
Headers:		Accept=*/*
				Content-Type=application/json
Cookies:		<none>
Multiparts:		<none>
Body:			<none>
Request method:	DELETE
Request URI:	https://stellarburgers.nomoreparties.site/api/auth/user
Proxy:			<none>
Request params:	<none>
Query params:	<none>
Form params:	<none>
Path params:	<none>
Headers:		Accept=*/*
				Content-Type=application/json
Cookies:		<none>
Multiparts:		<none>
Body:			<none>
Request method:	DELETE
Request URI:	https://stellarburgers.nomoreparties.site/api/auth/user
Proxy:			<none>
Request params:	<none>
Query params:	<none>
Form params:	<none>
Path params:	<none>
Headers:		Accept=*/*
				Content-Type=application/json
Cookies:		<none>
Multiparts:		<none>
Body:			<none>
Request method:	DELETE
Request URI:	https://stellarburgers.nomoreparties.site/api/auth/user
Proxy:			<none>
Request params:	<none>
Query params:	<none>
Form params:	<none>
Path params:	<none>
Headers:		Accept=*/*
				Content-Type=application/json
Cookies:		<none>
Multiparts:		<none>
Body:			<none>
Request method:	DELETE
Request URI:	https://stellarburgers.nomoreparties.site/api/auth/user
Proxy:			<none>
Request params:	<none>
Query params:	<none>
Form params:	<none>
Path params:	<none>
Headers:		Accept=*/*
				Content-Type=application/json
Cookies:		<none>
Multiparts:		<none>
Body:			<none>
12:48:46.883 [main] DEBUG org.apache.http.impl.conn.BasicClientConnectionManager -- Get connection for route {s}->https://stellarburgers.nomoreparties.site:443
12:48:46.883 [main] DEBUG org.apache.http.impl.conn.DefaultClientConnectionOperator -- Connecting to stellarburgers.nomoreparties.site:443
12:48:46.962 [main] DEBUG org.apache.http.client.protocol.RequestAddCookies -- CookieSpec selected: ignoreCookies
12:48:46.962 [main] DEBUG org.apache.http.client.protocol.RequestAuthCache -- Auth cache not set in the context
12:48:46.962 [main] DEBUG org.apache.http.client.protocol.RequestProxyAuthentication -- Proxy auth state: UNCHALLENGED
12:48:46.962 [main] DEBUG org.apache.http.impl.client.DefaultHttpClient -- Attempt 1 to execute request
12:48:46.962 [main] DEBUG org.apache.http.impl.conn.DefaultClientConnection -- Sending request: DELETE /api/auth/user HTTP/1.1
12:48:46.962 [main] DEBUG org.apache.http.wire --  >> "DELETE /api/auth/user HTTP/1.1[\r][\n]"
12:48:46.962 [main] DEBUG org.apache.http.wire --  >> "Content-Type: application/json[\r][\n]"
12:48:46.962 [main] DEBUG org.apache.http.wire --  >> "Authorization: Bearer eyJhbGciOiJIUzI1NiIsInR5cCI6IkpXVCJ9.eyJpZCI6IjY2NGRiZjc0OWVkMjgwMDAxYjQxNzRiZSIsImlhdCI6MTcxNjM3MTMxNiwiZXhwIjoxNzE2MzcyNTE2fQ.1gYRUtCGfKIYWUdaoMDMyhF_5UzMpUH8_V3yubGyXQk[\r][\n]"
12:48:46.962 [main] DEBUG org.apache.http.wire --  >> "Accept: */*[\r][\n]"
12:48:46.962 [main] DEBUG org.apache.http.wire --  >> "Host: stellarburgers.nomoreparties.site[\r][\n]"
12:48:46.962 [main] DEBUG org.apache.http.wire --  >> "Connection: Keep-Alive[\r][\n]"
12:48:46.962 [main] DEBUG org.apache.http.wire --  >> "User-Agent: Apache-HttpClient/4.5.13 (Java/17.0.11)[\r][\n]"
12:48:46.962 [main] DEBUG org.apache.http.wire --  >> "Accept-Encoding: gzip,deflate[\r][\n]"
12:48:46.962 [main] DEBUG org.apache.http.wire --  >> "[\r][\n]"
12:48:46.962 [main] DEBUG org.apache.http.headers -- >> DELETE /api/auth/user HTTP/1.1
12:48:46.962 [main] DEBUG org.apache.http.headers -- >> Content-Type: application/json
12:48:46.962 [main] DEBUG org.apache.http.headers -- >> Authorization: Bearer eyJhbGciOiJIUzI1NiIsInR5cCI6IkpXVCJ9.eyJpZCI6IjY2NGRiZjc0OWVkMjgwMDAxYjQxNzRiZSIsImlhdCI6MTcxNjM3MTMxNiwiZXhwIjoxNzE2MzcyNTE2fQ.1gYRUtCGfKIYWUdaoMDMyhF_5UzMpUH8_V3yubGyXQk
12:48:46.962 [main] DEBUG org.apache.http.headers -- >> Accept: */*
12:48:46.962 [main] DEBUG org.apache.http.headers -- >> Host: stellarburgers.nomoreparties.site
12:48:46.962 [main] DEBUG org.apache.http.headers -- >> Connection: Keep-Alive
12:48:46.962 [main] DEBUG org.apache.http.headers -- >> User-Agent: Apache-HttpClient/4.5.13 (Java/17.0.11)
12:48:46.962 [main] DEBUG org.apache.http.headers -- >> Accept-Encoding: gzip,deflate
12:48:47.026 [main] DEBUG org.apache.http.wire --  << "HTTP/1.1 404 Not Found[\r][\n]"
12:48:47.026 [main] DEBUG org.apache.http.wire --  << "Date: Wed, 22 May 2024 09:48:47 GMT[\r][\n]"
12:48:47.026 [main] DEBUG org.apache.http.wire --  << "Content-Type: application/json; charset=utf-8[\r][\n]"
12:48:47.026 [main] DEBUG org.apache.http.wire --  << "Content-Length: 44[\r][\n]"
12:48:47.026 [main] DEBUG org.apache.http.wire --  << "Connection: keep-alive[\r][\n]"
12:48:47.026 [main] DEBUG org.apache.http.wire --  << "X-Powered-By: Express[\r][\n]"
12:48:47.026 [main] DEBUG org.apache.http.wire --  << "Access-Control-Allow-Origin: *[\r][\n]"
12:48:47.026 [main] DEBUG org.apache.http.wire --  << "ETag: W/"2c-EAnCIFy1uGovyo/FU6KYwnjLgrc"[\r][\n]"
12:48:47.026 [main] DEBUG org.apache.http.wire --  << "CF-Cache-Status: DYNAMIC[\r][\n]"
12:48:47.026 [main] DEBUG org.apache.http.wire --  << "Report-To: {"endpoints":[{"url":"https:\/\/a.nel.cloudflare.com\/report\/v4?s=bWbEcQ7u2imqd%2BNTNPIgGxOlHalY2wjVYtWOuqQIOmaJ87L1EBe9l73y83nqPvlNiteDXMMSWKd5cQ7itTm6WWKzniiKKtp18j0DiG7uvOJR919AtGM2X%2B4QEs3KatF4%2FaYmUKy7lNlZzYOeZGN3fGLawq8%3D"}],"group":"cf-nel","max_age":604800}[\r][\n]"
12:48:47.026 [main] DEBUG org.apache.http.wire --  << "NEL: {"success_fraction":0,"report_to":"cf-nel","max_age":604800}[\r][\n]"
12:48:47.026 [main] DEBUG org.apache.http.wire --  << "Server: cloudflare[\r][\n]"
12:48:47.027 [main] DEBUG org.apache.http.wire --  << "CF-RAY: 887be47d4edcabc6-CPH[\r][\n]"
12:48:47.027 [main] DEBUG org.apache.http.wire --  << "alt-svc: h3=":443"; ma=86400[\r][\n]"
12:48:47.027 [main] DEBUG org.apache.http.wire --  << "[\r][\n]"
12:48:47.027 [main] DEBUG org.apache.http.impl.conn.DefaultClientConnection -- Receiving response: HTTP/1.1 404 Not Found
12:48:47.027 [main] DEBUG org.apache.http.headers -- << HTTP/1.1 404 Not Found
12:48:47.027 [main] DEBUG org.apache.http.headers -- << Date: Wed, 22 May 2024 09:48:47 GMT
12:48:47.027 [main] DEBUG org.apache.http.headers -- << Content-Type: application/json; charset=utf-8
12:48:47.027 [main] DEBUG org.apache.http.headers -- << Content-Length: 44
12:48:47.027 [main] DEBUG org.apache.http.headers -- << Connection: keep-alive
12:48:47.027 [main] DEBUG org.apache.http.headers -- << X-Powered-By: Express
12:48:47.027 [main] DEBUG org.apache.http.headers -- << Access-Control-Allow-Origin: *
12:48:47.027 [main] DEBUG org.apache.http.headers -- << ETag: W/"2c-EAnCIFy1uGovyo/FU6KYwnjLgrc"
12:48:47.027 [main] DEBUG org.apache.http.headers -- << CF-Cache-Status: DYNAMIC
12:48:47.027 [main] DEBUG org.apache.http.headers -- << Report-To: {"endpoints":[{"url":"https:\/\/a.nel.cloudflare.com\/report\/v4?s=bWbEcQ7u2imqd%2BNTNPIgGxOlHalY2wjVYtWOuqQIOmaJ87L1EBe9l73y83nqPvlNiteDXMMSWKd5cQ7itTm6WWKzniiKKtp18j0DiG7uvOJR919AtGM2X%2B4QEs3KatF4%2FaYmUKy7lNlZzYOeZGN3fGLawq8%3D"}],"group":"cf-nel","max_age":604800}
12:48:47.027 [main] DEBUG org.apache.http.headers -- << NEL: {"success_fraction":0,"report_to":"cf-nel","max_age":604800}
12:48:47.027 [main] DEBUG org.apache.http.headers -- << Server: cloudflare
12:48:47.027 [main] DEBUG org.apache.http.headers -- << CF-RAY: 887be47d4edcabc6-CPH
12:48:47.027 [main] DEBUG org.apache.http.headers -- << alt-svc: h3=":443"; ma=86400
12:48:47.027 [main] DEBUG org.apache.http.impl.client.DefaultHttpClient -- Connection can be kept alive indefinitely
12:48:47.027 [main] DEBUG io.restassured.internal.RequestSpecificationImpl$RestAssuredHttpBuilder -- Parsing response as: application/json; charset=utf-8
12:48:47.027 [main] DEBUG io.restassured.internal.RequestSpecificationImpl$RestAssuredHttpBuilder -- Parsed data to instance of: class org.apache.http.conn.EofSensorInputStream
12:48:47.028 [main] DEBUG org.apache.http.wire --  << "{"success":false,"message":"User not found"}"
12:48:47.028 [main] DEBUG org.apache.http.impl.conn.BasicClientConnectionManager -- Releasing connection org.apache.http.impl.conn.ManagedClientConnectionImpl@5bafd971
12:48:47.028 [main] DEBUG org.apache.http.impl.conn.BasicClientConnectionManager -- Connection can be kept alive indefinitely
HTTP/1.1 404 Not Found
Date: Wed, 22 May 2024 09:48:47 GMT
Content-Type: application/json; charset=utf-8
Content-Length: 44
Connection: keep-alive
X-Powered-By: Express
Access-Control-Allow-Origin: *
ETag: W/"2c-EAnCIFy1uGovyo/FU6KYwnjLgrc"
CF-Cache-Status: DYNAMIC
Report-To: {"endpoints":[{"url":"https:\/\/a.nel.cloudflare.com\/report\/v4?s=bWbEcQ7u2imqd%2BNTNPIgGxOlHalY2wjVYtWOuqQIOmaJ87L1EBe9l73y83nqPvlNiteDXMMSWKd5cQ7itTm6WWKzniiKKtp18j0DiG7uvOJR919AtGM2X%2B4QEs3KatF4%2FaYmUKy7lNlZzYOeZGN3fGLawq8%3D"}],"group":"cf-nel","max_age":604800}
NEL: {"success_fraction":0,"report_to":"cf-nel","max_age":604800}
Server: cloudflare
CF-RAY: 887be47d4edcabc6-CPH
alt-svc: h3=":443"; ma=86400

{
    "success": false,
    "message": "User not found"
}
HTTP/1.1 404 Not Found
Date: Wed, 22 May 2024 09:48:47 GMT
Content-Type: application/json; charset=utf-8
Content-Length: 44
Connection: keep-alive
X-Powered-By: Express
Access-Control-Allow-Origin: *
ETag: W/"2c-EAnCIFy1uGovyo/FU6KYwnjLgrc"
CF-Cache-Status: DYNAMIC
Report-To: {"endpoints":[{"url":"https:\/\/a.nel.cloudflare.com\/report\/v4?s=bWbEcQ7u2imqd%2BNTNPIgGxOlHalY2wjVYtWOuqQIOmaJ87L1EBe9l73y83nqPvlNiteDXMMSWKd5cQ7itTm6WWKzniiKKtp18j0DiG7uvOJR919AtGM2X%2B4QEs3KatF4%2FaYmUKy7lNlZzYOeZGN3fGLawq8%3D"}],"group":"cf-nel","max_age":604800}
NEL: {"success_fraction":0,"report_to":"cf-nel","max_age":604800}
Server: cloudflare
CF-RAY: 887be47d4edcabc6-CPH
alt-svc: h3=":443"; ma=86400

{
    "success": false,
    "message": "User not found"
}
HTTP/1.1 404 Not Found
Date: Wed, 22 May 2024 09:48:47 GMT
Content-Type: application/json; charset=utf-8
Content-Length: 44
Connection: keep-alive
X-Powered-By: Express
Access-Control-Allow-Origin: *
ETag: W/"2c-EAnCIFy1uGovyo/FU6KYwnjLgrc"
CF-Cache-Status: DYNAMIC
Report-To: {"endpoints":[{"url":"https:\/\/a.nel.cloudflare.com\/report\/v4?s=bWbEcQ7u2imqd%2BNTNPIgGxOlHalY2wjVYtWOuqQIOmaJ87L1EBe9l73y83nqPvlNiteDXMMSWKd5cQ7itTm6WWKzniiKKtp18j0DiG7uvOJR919AtGM2X%2B4QEs3KatF4%2FaYmUKy7lNlZzYOeZGN3fGLawq8%3D"}],"group":"cf-nel","max_age":604800}
NEL: {"success_fraction":0,"report_to":"cf-nel","max_age":604800}
Server: cloudflare
CF-RAY: 887be47d4edcabc6-CPH
alt-svc: h3=":443"; ma=86400

{
    "success": false,
    "message": "User not found"
}
HTTP/1.1 404 Not Found
Date: Wed, 22 May 2024 09:48:47 GMT
Content-Type: application/json; charset=utf-8
Content-Length: 44
Connection: keep-alive
X-Powered-By: Express
Access-Control-Allow-Origin: *
ETag: W/"2c-EAnCIFy1uGovyo/FU6KYwnjLgrc"
CF-Cache-Status: DYNAMIC
Report-To: {"endpoints":[{"url":"https:\/\/a.nel.cloudflare.com\/report\/v4?s=bWbEcQ7u2imqd%2BNTNPIgGxOlHalY2wjVYtWOuqQIOmaJ87L1EBe9l73y83nqPvlNiteDXMMSWKd5cQ7itTm6WWKzniiKKtp18j0DiG7uvOJR919AtGM2X%2B4QEs3KatF4%2FaYmUKy7lNlZzYOeZGN3fGLawq8%3D"}],"group":"cf-nel","max_age":604800}
NEL: {"success_fraction":0,"report_to":"cf-nel","max_age":604800}
Server: cloudflare
CF-RAY: 887be47d4edcabc6-CPH
alt-svc: h3=":443"; ma=86400

{
    "success": false,
    "message": "User not found"
}
HTTP/1.1 404 Not Found
Date: Wed, 22 May 2024 09:48:47 GMT
Content-Type: application/json; charset=utf-8
Content-Length: 44
Connection: keep-alive
X-Powered-By: Express
Access-Control-Allow-Origin: *
ETag: W/"2c-EAnCIFy1uGovyo/FU6KYwnjLgrc"
CF-Cache-Status: DYNAMIC
Report-To: {"endpoints":[{"url":"https:\/\/a.nel.cloudflare.com\/report\/v4?s=bWbEcQ7u2imqd%2BNTNPIgGxOlHalY2wjVYtWOuqQIOmaJ87L1EBe9l73y83nqPvlNiteDXMMSWKd5cQ7itTm6WWKzniiKKtp18j0DiG7uvOJR919AtGM2X%2B4QEs3KatF4%2FaYmUKy7lNlZzYOeZGN3fGLawq8%3D"}],"group":"cf-nel","max_age":604800}
NEL: {"success_fraction":0,"report_to":"cf-nel","max_age":604800}
Server: cloudflare
CF-RAY: 887be47d4edcabc6-CPH
alt-svc: h3=":443"; ma=86400

{
    "success": false,
    "message": "User not found"
}
HTTP/1.1 404 Not Found
Date: Wed, 22 May 2024 09:48:47 GMT
Content-Type: application/json; charset=utf-8
Content-Length: 44
Connection: keep-alive
X-Powered-By: Express
Access-Control-Allow-Origin: *
ETag: W/"2c-EAnCIFy1uGovyo/FU6KYwnjLgrc"
CF-Cache-Status: DYNAMIC
Report-To: {"endpoints":[{"url":"https:\/\/a.nel.cloudflare.com\/report\/v4?s=bWbEcQ7u2imqd%2BNTNPIgGxOlHalY2wjVYtWOuqQIOmaJ87L1EBe9l73y83nqPvlNiteDXMMSWKd5cQ7itTm6WWKzniiKKtp18j0DiG7uvOJR919AtGM2X%2B4QEs3KatF4%2FaYmUKy7lNlZzYOeZGN3fGLawq8%3D"}],"group":"cf-nel","max_age":604800}
NEL: {"success_fraction":0,"report_to":"cf-nel","max_age":604800}
Server: cloudflare
CF-RAY: 887be47d4edcabc6-CPH
alt-svc: h3=":443"; ma=86400

{
    "success": false,
    "message": "User not found"
}
HTTP/1.1 404 Not Found
Date: Wed, 22 May 2024 09:48:47 GMT
Content-Type: application/json; charset=utf-8
Content-Length: 44
Connection: keep-alive
X-Powered-By: Express
Access-Control-Allow-Origin: *
ETag: W/"2c-EAnCIFy1uGovyo/FU6KYwnjLgrc"
CF-Cache-Status: DYNAMIC
Report-To: {"endpoints":[{"url":"https:\/\/a.nel.cloudflare.com\/report\/v4?s=bWbEcQ7u2imqd%2BNTNPIgGxOlHalY2wjVYtWOuqQIOmaJ87L1EBe9l73y83nqPvlNiteDXMMSWKd5cQ7itTm6WWKzniiKKtp18j0DiG7uvOJR919AtGM2X%2B4QEs3KatF4%2FaYmUKy7lNlZzYOeZGN3fGLawq8%3D"}],"group":"cf-nel","max_age":604800}
NEL: {"success_fraction":0,"report_to":"cf-nel","max_age":604800}
Server: cloudflare
CF-RAY: 887be47d4edcabc6-CPH
alt-svc: h3=":443"; ma=86400

{
    "success": false,
    "message": "User not found"
}
HTTP/1.1 404 Not Found
Date: Wed, 22 May 2024 09:48:47 GMT
Content-Type: application/json; charset=utf-8
Content-Length: 44
Connection: keep-alive
X-Powered-By: Express
Access-Control-Allow-Origin: *
ETag: W/"2c-EAnCIFy1uGovyo/FU6KYwnjLgrc"
CF-Cache-Status: DYNAMIC
Report-To: {"endpoints":[{"url":"https:\/\/a.nel.cloudflare.com\/report\/v4?s=bWbEcQ7u2imqd%2BNTNPIgGxOlHalY2wjVYtWOuqQIOmaJ87L1EBe9l73y83nqPvlNiteDXMMSWKd5cQ7itTm6WWKzniiKKtp18j0DiG7uvOJR919AtGM2X%2B4QEs3KatF4%2FaYmUKy7lNlZzYOeZGN3fGLawq8%3D"}],"group":"cf-nel","max_age":604800}
NEL: {"success_fraction":0,"report_to":"cf-nel","max_age":604800}
Server: cloudflare
CF-RAY: 887be47d4edcabc6-CPH
alt-svc: h3=":443"; ma=86400

{
    "success": false,
    "message": "User not found"
}
HTTP/1.1 404 Not Found
Date: Wed, 22 May 2024 09:48:47 GMT
Content-Type: application/json; charset=utf-8
Content-Length: 44
Connection: keep-alive
X-Powered-By: Express
Access-Control-Allow-Origin: *
ETag: W/"2c-EAnCIFy1uGovyo/FU6KYwnjLgrc"
CF-Cache-Status: DYNAMIC
Report-To: {"endpoints":[{"url":"https:\/\/a.nel.cloudflare.com\/report\/v4?s=bWbEcQ7u2imqd%2BNTNPIgGxOlHalY2wjVYtWOuqQIOmaJ87L1EBe9l73y83nqPvlNiteDXMMSWKd5cQ7itTm6WWKzniiKKtp18j0DiG7uvOJR919AtGM2X%2B4QEs3KatF4%2FaYmUKy7lNlZzYOeZGN3fGLawq8%3D"}],"group":"cf-nel","max_age":604800}
NEL: {"success_fraction":0,"report_to":"cf-nel","max_age":604800}
Server: cloudflare
CF-RAY: 887be47d4edcabc6-CPH
alt-svc: h3=":443"; ma=86400

{
    "success": false,
    "message": "User not found"
}
HTTP/1.1 404 Not Found
Date: Wed, 22 May 2024 09:48:47 GMT
Content-Type: application/json; charset=utf-8
Content-Length: 44
Connection: keep-alive
X-Powered-By: Express
Access-Control-Allow-Origin: *
ETag: W/"2c-EAnCIFy1uGovyo/FU6KYwnjLgrc"
CF-Cache-Status: DYNAMIC
Report-To: {"endpoints":[{"url":"https:\/\/a.nel.cloudflare.com\/report\/v4?s=bWbEcQ7u2imqd%2BNTNPIgGxOlHalY2wjVYtWOuqQIOmaJ87L1EBe9l73y83nqPvlNiteDXMMSWKd5cQ7itTm6WWKzniiKKtp18j0DiG7uvOJR919AtGM2X%2B4QEs3KatF4%2FaYmUKy7lNlZzYOeZGN3fGLawq8%3D"}],"group":"cf-nel","max_age":604800}
NEL: {"success_fraction":0,"report_to":"cf-nel","max_age":604800}
Server: cloudflare
CF-RAY: 887be47d4edcabc6-CPH
alt-svc: h3=":443"; ma=86400

{
    "success": false,
    "message": "User not found"
}
HTTP/1.1 404 Not Found
Date: Wed, 22 May 2024 09:48:47 GMT
Content-Type: application/json; charset=utf-8
Content-Length: 44
Connection: keep-alive
X-Powered-By: Express
Access-Control-Allow-Origin: *
ETag: W/"2c-EAnCIFy1uGovyo/FU6KYwnjLgrc"
CF-Cache-Status: DYNAMIC
Report-To: {"endpoints":[{"url":"https:\/\/a.nel.cloudflare.com\/report\/v4?s=bWbEcQ7u2imqd%2BNTNPIgGxOlHalY2wjVYtWOuqQIOmaJ87L1EBe9l73y83nqPvlNiteDXMMSWKd5cQ7itTm6WWKzniiKKtp18j0DiG7uvOJR919AtGM2X%2B4QEs3KatF4%2FaYmUKy7lNlZzYOeZGN3fGLawq8%3D"}],"group":"cf-nel","max_age":604800}
NEL: {"success_fraction":0,"report_to":"cf-nel","max_age":604800}
Server: cloudflare
CF-RAY: 887be47d4edcabc6-CPH
alt-svc: h3=":443"; ma=86400

{
    "success": false,
    "message": "User not found"
}
HTTP/1.1 404 Not Found
Date: Wed, 22 May 2024 09:48:47 GMT
Content-Type: application/json; charset=utf-8
Content-Length: 44
Connection: keep-alive
X-Powered-By: Express
Access-Control-Allow-Origin: *
ETag: W/"2c-EAnCIFy1uGovyo/FU6KYwnjLgrc"
CF-Cache-Status: DYNAMIC
Report-To: {"endpoints":[{"url":"https:\/\/a.nel.cloudflare.com\/report\/v4?s=bWbEcQ7u2imqd%2BNTNPIgGxOlHalY2wjVYtWOuqQIOmaJ87L1EBe9l73y83nqPvlNiteDXMMSWKd5cQ7itTm6WWKzniiKKtp18j0DiG7uvOJR919AtGM2X%2B4QEs3KatF4%2FaYmUKy7lNlZzYOeZGN3fGLawq8%3D"}],"group":"cf-nel","max_age":604800}
NEL: {"success_fraction":0,"report_to":"cf-nel","max_age":604800}
Server: cloudflare
CF-RAY: 887be47d4edcabc6-CPH
alt-svc: h3=":443"; ma=86400

{
    "success": false,
    "message": "User not found"
}
HTTP/1.1 404 Not Found
Date: Wed, 22 May 2024 09:48:47 GMT
Content-Type: application/json; charset=utf-8
Content-Length: 44
Connection: keep-alive
X-Powered-By: Express
Access-Control-Allow-Origin: *
ETag: W/"2c-EAnCIFy1uGovyo/FU6KYwnjLgrc"
CF-Cache-Status: DYNAMIC
Report-To: {"endpoints":[{"url":"https:\/\/a.nel.cloudflare.com\/report\/v4?s=bWbEcQ7u2imqd%2BNTNPIgGxOlHalY2wjVYtWOuqQIOmaJ87L1EBe9l73y83nqPvlNiteDXMMSWKd5cQ7itTm6WWKzniiKKtp18j0DiG7uvOJR919AtGM2X%2B4QEs3KatF4%2FaYmUKy7lNlZzYOeZGN3fGLawq8%3D"}],"group":"cf-nel","max_age":604800}
NEL: {"success_fraction":0,"report_to":"cf-nel","max_age":604800}
Server: cloudflare
CF-RAY: 887be47d4edcabc6-CPH
alt-svc: h3=":443"; ma=86400

{
    "success": false,
    "message": "User not found"
}
HTTP/1.1 404 Not Found
Date: Wed, 22 May 2024 09:48:47 GMT
Content-Type: application/json; charset=utf-8
Content-Length: 44
Connection: keep-alive
X-Powered-By: Express
Access-Control-Allow-Origin: *
ETag: W/"2c-EAnCIFy1uGovyo/FU6KYwnjLgrc"
CF-Cache-Status: DYNAMIC
Report-To: {"endpoints":[{"url":"https:\/\/a.nel.cloudflare.com\/report\/v4?s=bWbEcQ7u2imqd%2BNTNPIgGxOlHalY2wjVYtWOuqQIOmaJ87L1EBe9l73y83nqPvlNiteDXMMSWKd5cQ7itTm6WWKzniiKKtp18j0DiG7uvOJR919AtGM2X%2B4QEs3KatF4%2FaYmUKy7lNlZzYOeZGN3fGLawq8%3D"}],"group":"cf-nel","max_age":604800}
NEL: {"success_fraction":0,"report_to":"cf-nel","max_age":604800}
Server: cloudflare
CF-RAY: 887be47d4edcabc6-CPH
alt-svc: h3=":443"; ma=86400

{
    "success": false,
    "message": "User not found"
}
HTTP/1.1 404 Not Found
Date: Wed, 22 May 2024 09:48:47 GMT
Content-Type: application/json; charset=utf-8
Content-Length: 44
Connection: keep-alive
X-Powered-By: Express
Access-Control-Allow-Origin: *
ETag: W/"2c-EAnCIFy1uGovyo/FU6KYwnjLgrc"
CF-Cache-Status: DYNAMIC
Report-To: {"endpoints":[{"url":"https:\/\/a.nel.cloudflare.com\/report\/v4?s=bWbEcQ7u2imqd%2BNTNPIgGxOlHalY2wjVYtWOuqQIOmaJ87L1EBe9l73y83nqPvlNiteDXMMSWKd5cQ7itTm6WWKzniiKKtp18j0DiG7uvOJR919AtGM2X%2B4QEs3KatF4%2FaYmUKy7lNlZzYOeZGN3fGLawq8%3D"}],"group":"cf-nel","max_age":604800}
NEL: {"success_fraction":0,"report_to":"cf-nel","max_age":604800}
Server: cloudflare
CF-RAY: 887be47d4edcabc6-CPH
alt-svc: h3=":443"; ma=86400

{
    "success": false,
    "message": "User not found"
}
HTTP/1.1 404 Not Found
Date: Wed, 22 May 2024 09:48:47 GMT
Content-Type: application/json; charset=utf-8
Content-Length: 44
Connection: keep-alive
X-Powered-By: Express
Access-Control-Allow-Origin: *
ETag: W/"2c-EAnCIFy1uGovyo/FU6KYwnjLgrc"
CF-Cache-Status: DYNAMIC
Report-To: {"endpoints":[{"url":"https:\/\/a.nel.cloudflare.com\/report\/v4?s=bWbEcQ7u2imqd%2BNTNPIgGxOlHalY2wjVYtWOuqQIOmaJ87L1EBe9l73y83nqPvlNiteDXMMSWKd5cQ7itTm6WWKzniiKKtp18j0DiG7uvOJR919AtGM2X%2B4QEs3KatF4%2FaYmUKy7lNlZzYOeZGN3fGLawq8%3D"}],"group":"cf-nel","max_age":604800}
NEL: {"success_fraction":0,"report_to":"cf-nel","max_age":604800}
Server: cloudflare
CF-RAY: 887be47d4edcabc6-CPH
alt-svc: h3=":443"; ma=86400

{
    "success": false,
    "message": "User not found"
}
HTTP/1.1 404 Not Found
Date: Wed, 22 May 2024 09:48:47 GMT
Content-Type: application/json; charset=utf-8
Content-Length: 44
Connection: keep-alive
X-Powered-By: Express
Access-Control-Allow-Origin: *
ETag: W/"2c-EAnCIFy1uGovyo/FU6KYwnjLgrc"
CF-Cache-Status: DYNAMIC
Report-To: {"endpoints":[{"url":"https:\/\/a.nel.cloudflare.com\/report\/v4?s=bWbEcQ7u2imqd%2BNTNPIgGxOlHalY2wjVYtWOuqQIOmaJ87L1EBe9l73y83nqPvlNiteDXMMSWKd5cQ7itTm6WWKzniiKKtp18j0DiG7uvOJR919AtGM2X%2B4QEs3KatF4%2FaYmUKy7lNlZzYOeZGN3fGLawq8%3D"}],"group":"cf-nel","max_age":604800}
NEL: {"success_fraction":0,"report_to":"cf-nel","max_age":604800}
Server: cloudflare
CF-RAY: 887be47d4edcabc6-CPH
alt-svc: h3=":443"; ma=86400

{
    "success": false,
    "message": "User not found"
}
HTTP/1.1 404 Not Found
Date: Wed, 22 May 2024 09:48:47 GMT
Content-Type: application/json; charset=utf-8
Content-Length: 44
Connection: keep-alive
X-Powered-By: Express
Access-Control-Allow-Origin: *
ETag: W/"2c-EAnCIFy1uGovyo/FU6KYwnjLgrc"
CF-Cache-Status: DYNAMIC
Report-To: {"endpoints":[{"url":"https:\/\/a.nel.cloudflare.com\/report\/v4?s=bWbEcQ7u2imqd%2BNTNPIgGxOlHalY2wjVYtWOuqQIOmaJ87L1EBe9l73y83nqPvlNiteDXMMSWKd5cQ7itTm6WWKzniiKKtp18j0DiG7uvOJR919AtGM2X%2B4QEs3KatF4%2FaYmUKy7lNlZzYOeZGN3fGLawq8%3D"}],"group":"cf-nel","max_age":604800}
NEL: {"success_fraction":0,"report_to":"cf-nel","max_age":604800}
Server: cloudflare
CF-RAY: 887be47d4edcabc6-CPH
alt-svc: h3=":443"; ma=86400

{
    "success": false,
    "message": "User not found"
}
HTTP/1.1 404 Not Found
Date: Wed, 22 May 2024 09:48:47 GMT
Content-Type: application/json; charset=utf-8
Content-Length: 44
Connection: keep-alive
X-Powered-By: Express
Access-Control-Allow-Origin: *
ETag: W/"2c-EAnCIFy1uGovyo/FU6KYwnjLgrc"
CF-Cache-Status: DYNAMIC
Report-To: {"endpoints":[{"url":"https:\/\/a.nel.cloudflare.com\/report\/v4?s=bWbEcQ7u2imqd%2BNTNPIgGxOlHalY2wjVYtWOuqQIOmaJ87L1EBe9l73y83nqPvlNiteDXMMSWKd5cQ7itTm6WWKzniiKKtp18j0DiG7uvOJR919AtGM2X%2B4QEs3KatF4%2FaYmUKy7lNlZzYOeZGN3fGLawq8%3D"}],"group":"cf-nel","max_age":604800}
NEL: {"success_fraction":0,"report_to":"cf-nel","max_age":604800}
Server: cloudflare
CF-RAY: 887be47d4edcabc6-CPH
alt-svc: h3=":443"; ma=86400

{
    "success": false,
    "message": "User not found"
}
]]></system-out>
  </testcase>
  <testcase name="testClickBunInConstructor" classname="site.nomoreparties.stellarburgers.YandexTests.ConstructorYandexTest" time="0.168">
    <failure message="1 expectation failed.&#10;Expected status code &lt;202&gt; but was &lt;404&gt;.&#10;" type="java.lang.AssertionError"><![CDATA[java.lang.AssertionError: 
1 expectation failed.
Expected status code <202> but was <404>.

	at site.nomoreparties.stellarburgers.YandexTests.ConstructorYandexTest.tearDown(ConstructorYandexTest.java:39)
]]></failure>
  </testcase>
</testsuite>